Player Name          Place     RD1  RD2  RD3  RD4  TOTAL     Money Won
-----------------------------------------------------------------------
P77*                 1         0    3    1    2    6
P28                  2T        1    1    1    4    7         $ 55485.29
P5                   2T        1    1    1    4    7         $ 55485.29
P8                   2T        4    0    2    1    7         $ 55485.29
P106*                5         1    2    1    4    8
P89                  5         5    0    2    1    8         $  5715.22
P13                  7T        4    3    0    2    9         $ 48817.53
P16                  7T        1    2    4    2    9         $ 48817.53
P49                  7T        1    1    2    5    9         $ 48817.53
P1*                  10        1    6    1    2    10
P125                 10T       0    0    2    8    10        $ 52330.01
P36                  10T       6    0    3    1    10        $ 52330.01
P38                  10T       1    4    3    2    10        $ 52330.01
P97                  10T       2    1    1    6    10        $ 52330.01
P120*                15        0    0    3    8    11
P23                  15T       4    1    5    1    11        $ 58938.24
P78                  15T       4    2    1    4    11        $ 58938.24
P88                  15T       3    4    1    3    11        $ 58938.24
P92                  15T       3    4    1    3    11        $ 58938.24
P135                 20T       7    1    3    1    12        $ 44650.18
P39                  20T       1    6    2    3    12        $ 44650.18
P123                 22T       2    5    5    1    13        $ 38101.49
P137                 22T       3    3    1    6    13        $ 38101.49
P139                 22T       3    2    8    0    13        $ 38101.49
P29                  22T       2    1    9    1    13        $ 38101.49
P3*                  22        2    7    0    4    13
P4                   22T       1    1    8    3    13        $ 38101.49
P54                  22T       1    2    5    5    13        $ 38101.49
P64*                 22        6    2    1    4    13
P71                  22T       2    1    8    2    13        $ 38101.49
P85                  22T       6    0    0    7    13        $ 38101.49
P90                  22T       1    4    2    6    13        $ 38101.49
P10*                 33        0    7    4    3    14
P81                  33T       2    3    9    0    14        $ 92515.18
P96                  33T       2    3    4    5    14        $ 92515.18
P40                  36T       1    1    9    4    15        $  5358.02
P48                  36T       5    1    7    2    15        $  5358.02
P27                  38T       4    3    3    6    16        $ 42292.65
P37                  38T       0    6    9    1    16        $ 42292.65
P57                  38T       4    5    5    2    16        $ 42292.65
P72                  38T       2    5    8    1    16        $ 42292.65
P83                  38T       2    3    4    7    16        $ 42292.65
P112                 43T       4    1    8    4    17        $ 41197.23
P134*                43        5    1    3    8    17
P86                  43T       2    4    8    3    17        $ 41197.23
P95                  43T       3    4    7    3    17        $ 41197.23
P105                 47T       1    5    7    5    18        $ 44395.04
P116*                47        5    4    0    9    18
P117                 47T       2    2    8    6    18        $ 44395.04
P21                  47T       1    8    4    5    18        $ 44395.04
P31                  47T       0    8    9    1    18        $ 44395.04
P50                  47T       0    9    6    3    18        $ 44395.04
P58                  47T       0    8    9    1    18        $ 44395.04
P82                  47T       6    0    5    7    18        $ 44395.04
P45                  55T       1    7    9    2    19        $ 48341.26
P52                  55T       1    8    6    4    19        $ 48341.26
P91                  55T       6    2    9    2    19        $ 48341.26
P102*                58        2    1    8    9    20
P108                 58T       5    3    8    4    20        $ 28933.32
P11*                 58        9    0    5    6    20
P42                  58T       0    8    6    6    20        $ 28933.32
P25                  62T       1    5    9    6    21        $ 55723.43
P33                  62T       6    3    9    3    21        $ 55723.43
P79                  62T       8    1    7    5    21        $ 55723.43
P124*                65        7    0    9    6    22
P53*                 65        5    3    9    5    22
P75                  65        3    3    8    8    22        $ 12144.85
P133                 68T       5    1    9    9    24        $ 49651.00
P70                  68T       3    4    8    9    24        $ 49651.00
P73                            5    3    6         DQ
P67                            2    1              DQ
P61                            5    0              DQ

Player Name          Place     RD1  RD2  RD3  RD4  TOTAL     Money Won
-----------------------------------------------------------------------
P75                  1T        1    3    1    1    6         $ 45669.02
P90                  1T        1    1    3    1    6         $ 45669.02
P31                  3T        0    5    1    1    7         $ 35818.84
P70                  3T        0    0    5    2    7         $ 35818.84
P11                  5T        1    0    1    6    8         $ 41639.40
P124                 5T        0    1    2    5    8         $ 41639.40
P138                 7T        1    4    1    3    9         $ 27908.85
P37                  7T        0    4    1    4    9         $ 27908.85
P83                  7T        0    1    1    7    9         $ 27908.85
P35*                 10        0    2    1    7    10
P58                  10        0    8    0    2    10        $ 50146.38
P60*                 10        1    5    0    4    10
P100*                13        4    4    1    2    11
P67*                 13        1    3    4    3    11
P69                  13T       3    6    1    1    11        $  8283.11
P87                  13T       0    4    2    5    11        $  8283.11
P89*                 13        2    4    0    5    11
P137                 18T       0    4    2    6    12        $ 36117.33
P23*                 18        6    3    3    0    12
P48*                 18        1    5    5    1    12
P54                  18T       0    0    9    3    12        $ 36117.33
P65                  18T       3    4    5    0    12        $ 36117.33
P102                 23T       7    0    1    5    13        $ 12200.79
P112                 23T       0    4    5    4    13        $ 12200.79
P127                 23T       3    4    1    5    13        $ 12200.79
P86                  23T       6    0    3    4    13        $ 12200.79
P106*                27        1    6    0    7    14
P120                 27T       6    3    5    0    14        $  8954.71
P15                  27T       3    0    4    7    14        $  8954.71
P46*                 27        5    3    2    4    14
P10                  31T       7    2    0    6    15        $ 39848.46
P105                 31T       4    1    3    7    15        $ 39848.46
P41                  31T       1    7    4    3    15        $ 39848.46
P49                  31T       5    0    4    6    15        $ 39848.46
P109                 35T       1    3    9    3    16        $ 42684.12
P33                  35T       3    2    4    7    16        $ 42684.12
P81*                 35        2    6    3    5    16
P97                  35T       5    2    9    0    16        $ 42684.12
P99*                 35        3    0    4    9    16
P110                 40T       1    7    9    0    17        $ 30177.37
P136                 40T       6    0    4    7    17        $ 30177.37
P19                  40T       7    2    0    8    17        $ 30177.37
P24                  40T       4    3    5    5    17        $ 30177.37
P38*                 40        5    4    4    4    17
P91                  40T       1    4    3    9    17        $ 30177.37
P96*                 40        2    3    8    4    17
P108                 47T       5    0    4    9    18        $ 27759.60
P14                  47T       6    3    2    7    18        $ 27759.60
P95                  47T       2    4    3    9    18        $ 27759.60
P30                  50T       1    7    7    4    19        $ 14178.29
P42                  50T       3    2    8    6    19        $ 14178.29
P62                  50T       6    1    8    4    19        $ 14178.29
P21                  53T       4    4    4    8    20        $ 25073.19
P93                  53T       1    7    4    8    20        $ 25073.19
P123                 55T       1    7    8    5    21        $ 22386.78
P128                 55T       0    6    7    8    21        $ 22386.78
P34                  55T       0    5    7    9    21        $ 22386.78
P59*                 55        7    2    3    9    21
P126                 59T       0    5    8    9    22        $ 44325.81
P16*                 59        1    8    8    5    22
P77                  59T       3    6    8    5    22        $ 44325.81
P92                  59T       4    5    7    6    22        $ 44325.81
P3                   63        7    2    9    5    23        $ 57310.14
P114                 64T       6    2    9    7    24        $ 29550.54
P64                  64T       2    7    7    8    24        $ 29550.54
P76*                 64        5    1    9    9    24
P85                  67        5    3    9    8    25        $ 49698.64
P50*                           0    7    3         DQ
P84                            5    2    4         DQ
P135                           3    5    7         DQ
P78                            1    5              DQ

Player Name          Place     RD1  RD2  RD3  RD4  TOTAL     Money Won
-----------------------------------------------------------------------
P105                 1         5    0    0    2    7         $ 49430.68
P41                  2T        1    3    2    2    8         $ 27142.74
P55                  2T        0    0    0    8    8         $ 27142.74
P40                  4T        4    0    0    5    9         $ 36631.67
P65                  4T        4    1    1    3    9         $ 36631.67
P70*                 4         3    3    3    0    9
P91                  4T        1    4    1    3    9         $ 36631.67
P104                 8T        2    3    0    5    10        $ 37735.03
P23                  8T        0    2    4    4    10        $ 37735.03
P31                  8T        4    5    1    0    10        $ 37735.03
P39                  8T        2    2    2    4    10        $ 37735.03
P114                 12T       0    7    3    1    11        $ 26774.95
P87                  12T       6    2    1    2    11        $ 26774.95
P92                  12T       4    4    2    1    11        $ 26774.95
P49                  15T       1    4    2    5    12        $ 37367.24
P57*                 15        5    2    2    3    12
P6                   15T       1    9    1    1    12        $ 37367.24
P76                  15T       4    2    0    6    12        $ 37367.24
P129                 19T       3    6    4    0    13        $ 37514.36
P27*                 19        2    6    1    4    13
P61                  19T       8    0    3    2    13        $ 37514.36
P102                 22T       2    1    3    8    14        $ 35086.96
P115                 22T       7    1    1    5    14        $ 35086.96
P139                 22T       1    3    1    9    14        $ 35086.96
P21*                 22        6    2    6    0    14
P26*                 22        0    5    1    8    14
P30*                 22        5    5    0    4    14
P97                  22T       4    1    6    3    14        $ 35086.96
P100*                29        1    1    9    4    15
P109                 29T       7    3    3    2    15        $ 22067.27
P111                 29T       3    4    7    1    15        $ 22067.27
P127                 29T       1    4    2    8    15        $ 22067.27
P2*                  29        3    3    2    7    15
P29                  29T       1    6    2    6    15        $ 22067.27
P38                  29T       8    2    5    0    15        $ 22067.27
P123                 36T       2    7    4    3    16        $ 36079.99
P125                 36T       7    1    1    7    16        $ 36079.99
P13                  36T       8    2    6    0    16        $ 36079.99
P131                 36T       6    4    6    0    16        $ 36079.99
P134                 36T       6    4    1    5    16        $ 36079.99
P68                  36T       0    8    5    3    16        $ 36079.99
P88                  36T       4    1    3    8    16        $ 36079.99
P95                  36T       1    7    7    1    16        $ 36079.99
P98*                 36        3    7    6    0    16
P1                   45T       7    3    7    0    17        $ 26370.39
P15                  45T       3    5    4    5    17        $ 26370.39
P19                  45T       6    0    7    4    17        $ 26370.39
P47                  45T       2    8    4    3    17        $ 26370.39
P120                 49T       5    5    3    5    18        $ 32722.61
P121                 49T       6    4    6    2    18        $ 32722.61
P14*                 49        5    2    3    8    18
P32                  49T       2    4    8    4    18        $ 32722.61
P56*                 49        6    0    6    6    18
P73                  49T       6    1    6    5    18        $ 32722.61
P75                  49T       7    1    1    9    18        $ 32722.61
P79                  49T       1    3    5    9    18        $ 32722.61
P82                  49T       1    3    9    5    18        $ 32722.61
P10                  58T       2    3    9    5    19        $ 24421.11
P126                 58T       3    6    2    8    19        $ 24421.11
P4                   58T       7    1    2    9    19        $ 24421.11
P44*                 58        3    4    8    4    19
P5                   58T       2    2    9    6    19        $ 24421.11
P63                  58T       0    9    2    8    19        $ 24421.11
P64                  58T       4    5    2    8    19        $ 24421.11
P69                  58T       7    3    4    5    19        $ 24421.11
P84                  58T       6    4    8    1    19        $ 24421.11
P9                   58T       0    7    9    3    19        $ 24421.11
P101                 68        1    9    1    9    20        $ 36631.67
P124*                68        5    5    8    2    20
P133*                68        7    3    1    9    20
P136                 71T       5    4    3    9    21        $ 13019.69
P16                  71T       1    2    9    9    21        $ 13019.69
P22*                 71        1    9    9    2    21
P74*                 71        5    1    7    8    21
P62                  75        3    6    8    5    22        $ 37073.01
P93*                 75        8    2    6    6    22
P135                 77        3    4    8    8    23        $ 52961.45
P51                  78        1    9    7    7    24        $ 62671.04
P110                 79T       8    2    6    9    25        $ 33100.90
P137                 79T       7    2    7    9    25        $ 33100.90
P81                            4    2    0         DQ
P37                            3    1    6         DQ
P108                           2    2    7         DQ
P99                            6    3    2         DQ
P67                            5    1              DQ
P138                           7    0              DQ

Player Name          Place     RD1  RD2  RD3  RD4  TOTAL     Money Won
-----------------------------------------------------------------------
P108                 1         0    2    0    2    4         $ 14877.51
P114                 2T        3    1    2    0    6         $ 16143.68
P8                   2T        3    1    2    0    6         $ 16143.68
P118*                4         2    0    1    4    7
P122*                4         1    2    2    2    7
P7                   4         2    0    1    4    7         $ 42100.19
P2*                  7         1    0    4    3    8
P63                  7         4    2    2    0    8         $  2532.34
P119                 9T        5    0    3    1    9         $ 15431.46
P120                 9T        4    1    2    2    9         $ 15431.46
P124                 9T        8    0    1    0    9         $ 15431.46
P31                  9T        1    2    2    4    9         $ 15431.46
P39                  13T       0    5    1    4    10        $  2057.53
P47                  13T       2    3    5    0    10        $  2057.53
P106*                15        3    3    3    2    11
P40*                 15        4    1    6    0    11
P68                  15T       2    7    2    0    11        $ 22316.26
P9                   15T       0    3    5    3    11        $ 22316.26
P139                 19T       4    2    3    3    12        $ 26589.59
P19*                 19        0    4    7    1    12
P29                  19T       8    1    3    0    12        $ 26589.59
P66*                 19        0    3    4    5    12
P67                  19T       2    3    3    4    12        $ 26589.59
P75*                 19        4    1    3    4    12
P130*                25        5    2    0    6    13
P131                 25T       0    5    8    0    13        $ 29280.20
P34                  25T       2    6    0    5    13        $ 29280.20
P55                  25T       4    4    2    3    13        $ 29280.20
P83                  25T       1    6    6    0    13        $ 29280.20
P137                 30T       0    6    5    3    14        $ 24690.33
P64                  30T       2    7    3    2    14        $ 24690.33
P102                 32T       4    3    5    3    15        $ 26680.03
P135                 32T       4    0    8    3    15        $ 26680.03
P22                  32T       3    1    8    3    15        $ 26680.03
P32                  32T       0    6    8    1    15        $ 26680.03
P36                  32T       2    6    5    2    15        $ 26680.03
P46                  32T       3    2    2    8    15        $ 26680.03
P65                  32T       1    7    0    7    15        $ 26680.03
P100                 39T       2    5    1    8    16        $ 16713.46
P14                  39T       2    5    8    1    16        $ 16713.46
P25                  39T       3    4    6    3    16        $ 16713.46
P30                  39T       5    1    3    7    16        $ 16713.46
P4*                  39        2    2    6    6    16
P71                  39T       3    5    2    6    16        $ 16713.46
P113                 45T       3    5    8    1    17        $ 22917.70
P133                 45T       3    1    7    6    17        $ 22917.70
P23                  45T       4    4    0    9    17        $ 22917.70
P53                  45T       4    3    7    3    17        $ 22917.70
P76                  45T       3    3    5    6    17        $ 22917.70
P27                  50T       5    0    9    4    18        $ 29332.96
P72                  50T       6    3    0    9    18        $ 29332.96
P87                  50T       3    4    8    3    18        $ 29332.96
P125                 53T       1    5    7    6    19        $ 23793.46
P136                 53T       0    4    9    6    19        $ 23793.46
P17                  53T       4    4    9    2    19        $ 23793.46
P20                  53T       2    3    5    9    19        $ 23793.46
P26                  53T       8    0    9    2    19        $ 23793.46
P82                  53T       0    2    9    8    19        $ 23793.46
P35                  59T       0    8    5    7    20        $ 25639.96
P48*                 59        4    4    3    9    20
P91                  59T       0    9    7    4    20        $ 25639.96
P103*                62        4    4    7    6    21
P109*                62        5    2    6    8    21
P38                  62T       5    4    4    8    21        $  7913.57
P52                  62T       1    2    9    9    21        $  7913.57
P116                 66T       0    9    7    6    22        $ 27855.76
P42*                 66        4    1    8    9    22
P60                  66T       4    2    8    8    22        $ 27855.76
P21                  69        0    8    6    9    23        $ 15827.14
P77                  70        2    5    8    9    24        $  6330.85
P3                             4    1    5         DQ
P73                            5    1    5         DQ
P78                            4    0    9         DQ
P49*                           2    5    7         DQ
P15                            3    1              DQ
P92                            6    2              DQ
P74                            2    7              DQ

Player Name          Place     RD1  RD2  RD3  RD4  TOTAL     Money Won
-----------------------------------------------------------------------
P117                 1T        3    1    0    3    7         $ 68337.25
P52                  1T        2    1    0    4    7         $ 68337.25
P58                  1T        2    4    0    1    7         $ 68337.25
P76                  1T        1    1    3    2    7         $ 68337.25
P128                 5         2    3    2    1    8         $ 23263.75
P41                  6T        4    2    1    2    9         $ 72335.71
P62                  6T        2    1    0    6    9         $ 72335.71
P81*                 6         5    1    0    3    9
P10*                 9         9    1    0    0    10
P105                 9T        0    0    9    1    10        $ 75607.17
P67*                 9         3    6    0    1    10
P99                  9T        0    6    3    1    10        $ 75607.17
P114                 13T       0    8    1    2    11        $ 54039.74
P116                 13T       7    3    0    1    11        $ 54039.74
P88                  13T       2    5    4    0    11        $ 54039.74
P136*                16        4    0    8    0    12
P23                  16T       1    1    4    6    12        $ 55796.64
P45*                 16        2    2    8    0    12
P54                  16T       0    6    1    5    12        $ 55796.64
P72                  16T       0    2    6    4    12        $ 55796.64
P91                  16T       2    4    4    2    12        $ 55796.64
P100*                22        7    0    1    5    13
P121*                22        1    3    0    9    13
P70                  22        4    3    6    0    13        $  3634.96
P102*                25        3    4    1    6    14
P104                 25T       0    9    0    5    14        $ 43619.52
P110                 25T       3    1    5    5    14        $ 43619.52
P138                 25T       1    3    6    4    14        $ 43619.52
P4                   25T       6    3    5    0    14        $ 43619.52
P48                  25T       6    1    7    0    14        $ 43619.52
P64                  25T       4    4    1    5    14        $ 43619.52
P8                   25T       1    5    6    2    14        $ 43619.52
P87                  25T       2    2    1    9    14        $ 43619.52
P11                  34T       4    1    8    2    15        $ 48085.33
P125                 34T       2    7    1    5    15        $ 48085.33
P28                  34T       1    0    5    9    15        $ 48085.33
P30                  34T       2    5    8    0    15        $ 48085.33
P34                  34T       0    1    7    7    15        $ 48085.33
P5                   34T       3    0    6    6    15        $ 48085.33
P80                  34T       2    5    5    3    15        $ 48085.33
P103                 41T       3    2    2    9    16        $ 75025.58
P18*                 41        7    1    5    3    16
P20                  41T       6    0    7    3    16        $ 75025.58
P27                  41T       0    3    7    6    16        $ 75025.58
P43                  41T       0    1    7    8    16        $ 75025.58
P53                  41T       3    7    2    4    16        $ 75025.58
P113*                47        5    3    0    9    17
P124                 47T       6    0    2    9    17        $ 47981.48
P137                 47T       6    2    9    0    17        $ 47981.48
P35                  47T       2    2    6    7    17        $ 47981.48
P63*                 47        2    7    3    5    17
P107                 52T       1    7    4    6    18        $ 20355.78
P55*                 52        2    3    4    9    18
P59                  52T       3    7    2    6    18        $ 20355.78
P12                  55T       3    3    5    8    19        $ 63854.14
P132                 55T       3    0    7    9    19        $ 63854.14
P25*                 55        7    2    7    3    19
P56                  55T       3    0    8    8    19        $ 63854.14
P61                  55T       6    4    7    2    19        $ 63854.14
P69*                 55        6    1    6    6    19
P73                  55T       8    0    9    2    19        $ 63854.14
P9                   55T       2    6    5    6    19        $ 63854.14
P129                 63T       2    8    6    4    20        $ 49580.86
P19                  63T       4    6    1    9    20        $ 49580.86
P26                  63T       2    5    4    9    20        $ 49580.86
P51                  63T       5    0    8    7    20        $ 49580.86
P77                  63T       4    6    4    6    20        $ 49580.86
P16                  68T       2    8    5    6    21        $ 79242.13
P38                  68T       9    1    3    8    21        $ 79242.13
P49*                 68        6    0    6    9    21
P1                   71        3    6    6    7    22        $ 32714.64
P111                 72T       4    5    7    7    23        $ 49798.96
P97                  72T       1    7    6    9    23        $ 49798.96
P95                  74        1    9    6    8    24        $ 43619.52
P120                 75T       3    7    7    8    25        $ 52101.10
P33                  75T       1    9    6    9    25        $ 52101.10
P79                  75T       7    3    9    6    25        $ 52101.10
P3*                  78        6    3    9    8    26
P13                            3    5    1         DQ
P123                           4    6    5         DQ
P115                           0    9              DQ

Player Name          Place     RD1  RD2  RD3  RD4  TOTAL     Money Won
-----------------------------------------------------------------------
P77                  1         0    0    0    1    1         $ 23610.37
P0*                  2         0    2    5    0    7
P123                 2         0    3    4    0    7         $ 25925.11
P87                  4         2    1    3    2    8         $ 62498.04
P104*                5         3    0    5    1    9
P45                  5T        5    2    1    1    9         $ 42128.31
P83                  5T        0    0    8    1    9         $ 42128.31
P92*                 5         3    4    2    0    9
P122                 9T        0    0    2    8    10        $ 45831.90
P30*                 9         0    3    2    5    10
P47                  9T        1    0    0    9    10        $ 45831.90
P124*                12        2    7    1    1    11
P20                  12T       2    0    1    8    11        $ 45214.63
P23                  12T       2    1    7    1    11        $ 45214.63
P39                  12T       1    1    2    7    11        $ 45214.63
P72*                 12        6    2    2    1    11
P3*                  17        0    2    1    9    12
P48                  17T       5    4    1    2    12        $ 18363.62
P84                  17T       4    3    5    0    12        $ 18363.62
P99                  17T       2    1    7    2    12        $ 18363.62
P21                  21T       4    2    0    7    13        $ 40855.20
P25                  21T       1    2    8    2    13        $ 40855.20
P51                  21T       0    6    0    7    13        $ 40855.20
P52                  21T       0    1    7    5    13        $ 40855.20
P1                   25T       6    2    3    3    14        $ 47336.48
P10*                 25        0    2    9    3    14
P106                 25T       3    1    5    5    14        $ 47336.48
P112                 25T       3    2    6    3    14        $ 47336.48
P12                  25T       7    0    0    7    14        $ 47336.48
P2                   30T       2    2    3    8    15        $ 18980.89
P82                  30T       1    6    6    2    15        $ 18980.89
P108                 32T       0    8    3    5    16        $ 36225.72
P131                 32T       3    4    0    9    16        $ 36225.72
P24*                 32        6    3    5    2    16
P38                  32T       1    6    3    6    16        $ 36225.72
P95                  32T       4    3    4    5    16        $ 36225.72
P113*                37        9    0    7    1    17
P115                 37T       6    3    1    7    17        $ 23378.90
P130                 37T       0    9    2    6    17        $ 23378.90
P27                  37T       6    2    5    4    17        $ 23378.90
P5                   37T       1    8    7    1    17        $ 23378.90
P71*                 37        8    0    0    9    17
P105                 43T       5    3    5    5    18        $ 40507.99
P107                 43T       3    5    1    9    18        $ 40507.99
P136*                43        1    2    7    8    18
P54                  43T       4    4    7    3    18        $ 40507.99
P58                  43T       1    4    6    7    18        $ 40507.99
P69                  43T       0    5    8    5    18        $ 40507.99
P70*                 43        0    9    9    0    18
P9                   43T       3    1    8    6    18        $ 40507.99
P137*                51        1    7    9    2    19
P18                  51T       2    1    7    9    19        $ 41896.84
P41                  51T       3    0    7    9    19        $ 41896.84
P42                  51T       1    5    8    5    19        $ 41896.84
P57                  51T       3    4    7    5    19        $ 41896.84
P37                  56T       2    4    6    8    20        $ 35647.03
P4                   56T       6    2    6    6    20        $ 35647.03
P74                  56T       7    2    6    5    20        $ 35647.03
P75*                 56        6    0    9    5    20
P138                 60T       5    4    8    4    21        $  8796.02
P67                  60T       1    3    8    9    21        $  8796.02
P126                 62        5    2    7    8    22        $ 29628.70
P111*                63        1    8    7    7    23
P119                 63T       9    0    6    8    23        $ 13734.14
P120*                63        2    6    8    7    23
P68                  63T       4    1    9    9    23        $ 13734.14
P85                  63T       3    3    8    9    23        $ 13734.14
P56                  68        3    5    7    9    24        $ 38424.72
P100                           5    0    1         DQ
P116                           9    0    0         DQ
P91                            7    2    0         DQ
P132                           3    0    9         DQ
P97                            3    3    9         DQ
P114*                          1    3              DQ

Player Name          Place     RD1  RD2  RD3  RD4  TOTAL     Money Won
-----------------------------------------------------------------------
P47*                 1         0    0    2    4    6
P85                  1         0    1    5    0    6         $ 30955.24
P134                 3         2    2    0    3    7         $  6364.63
P5*                  4         0    2    1    5    8
P122                 5T        8    1    0    0    9         $  6509.28
P98                  5T        6    2    0    1    9         $  6509.28
P100                 7T        4    3    1    2    10        $ 27628.28
P116                 7T        6    1    3    0    10        $ 27628.28
P136                 7T        0    2    2    6    10        $ 27628.28
P138                 7T        7    1    2    0    10        $ 27628.28
P83                  7T        0    6    4    0    10        $ 27628.28
P90                  7T        8    1    1    0    10        $ 27628.28
P0*                  13        1    2    0    8    11
P91*                 13        0    1    7    3    11
P28                  15T       0    6    5    1    12        $  9257.64
P29                  15T       3    4    3    2    12        $  9257.64
P95                  15T       1    5    4    2    12        $  9257.64
P103                 18T       3    0    6    4    13        $ 27664.44
P104                 18T       4    2    1    6    13        $ 27664.44
P111                 18T       2    3    4    4    13        $ 27664.44
P130                 18T       0    6    3    4    13        $ 27664.44
P20                  18T       1    2    8    2    13        $ 27664.44
P27                  18T       9    0    4    0    13        $ 27664.44
P37                  18T       2    7    3    1    13        $ 27664.44
P39*                 18        0    4    6    3    13
P52*                 18        3    3    7    0    13
P7                   18T       3    6    2    2    13        $ 27664.44
P12                  28T       1    0    7    6    14        $ 21697.60
P126*                28        7    2    5    0    14
P135                 28T       1    2    6    5    14        $ 21697.60
P17                  28T       6    1    4    3    14        $ 21697.60
P55                  28T       1    5    2    6    14        $ 21697.60
P66                  28T       4    2    2    6    14        $ 21697.60
P72                  28T       5    1    1    7    14        $ 21697.60
P110                 35T       2    4    1    8    15        $ 28833.70
P133                 35T       7    1    7    0    15        $ 28833.70
P50*                 35        6    1    0    8    15
P79                  35T       2    3    3    7    15        $ 28833.70
P127                 39T       2    6    7    1    16        $ 26500.00
P19                  39T       5    4    7    0    16        $ 26500.00
P34                  39T       3    5    0    8    16        $ 26500.00
P38                  39T       0    7    9    0    16        $ 26500.00
P65                  39T       6    3    6    1    16        $ 26500.00
P80*                 39        0    7    3    6    16
P105                 45T       4    0    5    8    17        $ 29913.76
P123*                45        1    8    4    4    17
P22                  45T       0    9    0    8    17        $ 29913.76
P32                  45T       0    7    7    3    17        $ 29913.76
P69                  45T       0    8    3    6    17        $ 29913.76
P97                  45T       0    9    6    2    17        $ 29913.76
P11                  51T       4    0    8    6    18        $ 13655.02
P128*                51        1    5    3    9    18
P129                 51T       3    4    8    3    18        $ 13655.02
P54                  51T       7    2    0    9    18        $ 13655.02
P61                  51T       5    1    6    6    18        $ 13655.02
P73                  51T       3    5    4    6    18        $ 13655.02
P115*                57        9    0    8    2    19
P124                 57T       5    1    8    5    19        $ 21842.25
P30*                 57        2    7    1    9    19
P96                  57T       2    0    9    8    19        $ 21842.25
P26*                 61        1    7    6    6    20
P3                   61T       8    0    7    5    20        $ 19768.92
P46                  61T       3    3    6    8    20        $ 19768.92
P48                  61T       5    1    6    8    20        $ 19768.92
P114*                65        1    6    6    8    21
P125                 65T       8    0    5    8    21        $ 34137.56
P13                  65T       0    9    5    7    21        $ 34137.56
P24                  65T       9    0    9    3    21        $ 34137.56
P51                  65T       0    5    7    9    21        $ 34137.56
P60                  65T       0    8    6    7    21        $ 34137.56
P120                 71T       3    5    8    6    22        $ 27049.67
P25                  71T       1    4    8    9    22        $ 27049.67
P36                  73T       1    7    9    6    23        $ 13886.46
P88                  73T       2    5    7    9    23        $ 13886.46
P94*                 73        9    0    9    5    23
P23                            5    0    0         DQ
P41                            4    2    0         DQ
P93*                           0    8    0         DQ
P102*                          1    6    6         DQ
P57                            1    3              DQ
P21*                           0    7              DQ

Player Name          Place     RD1  RD2  RD3  RD4  TOTAL     Money Won
-----------------------------------------------------------------------
P118                 1T        0    2    1    2    5         $ 31889.60
P18                  1T        1    2    0    2    5         $ 31889.60
P87                  1T        4    0    0    1    5         $ 31889.60
P26*                 4         2    0    2    2    6
P37                  4         0    2    1    3    6         $ 11465.92
P34                  6T        4    0    3    0    7         $ 12182.54
P70                  6T        1    1    4    1    7         $ 12182.54
P65                  8T        0    2    2    4    8         $ 20065.36
P78                  8T        0    2    2    4    8         $ 20065.36
P137                 10T       2    3    0    4    9         $ 37264.25
P2                   10T       1    1    3    4    9         $ 37264.25
P62                  10T       0    3    3    3    9         $ 37264.25
P67                  10T       6    0    0    3    9         $ 37264.25
P71*                 10        2    3    2    2    9
P9                   10T       3    0    4    2    9         $ 37264.25
P98*                 10        1    5    1    2    9
P92                  17        0    5    3    2    10        $ 34397.77
P30                  18T       0    7    3    1    11        $ 25798.32
P43*                 18        3    0    4    4    11
P66                  18T       3    4    4    0    11        $ 25798.32
P85*                 18        0    4    3    4    11
P89*                 18        1    0    5    5    11
P103*                23        1    6    5    0    12
P108                 23T       2    8    1    1    12        $ 23290.15
P59                  23T       2    4    3    3    12        $ 23290.15
P100                 26T       5    0    4    4    13        $ 13329.13
P21                  26T       4    0    8    1    13        $ 13329.13
P55                  26T       1    5    3    4    13        $ 13329.13
P72                  26T       6    0    7    0    13        $ 13329.13
P95                  26T       8    1    0    4    13        $ 13329.13
P12                  31T       3    3    1    7    14        $ 21797.20
P20                  31T       5    3    3    3    14        $ 21797.20
P22                  31T       1    8    3    2    14        $ 21797.20
P29                  31T       1    4    5    4    14        $ 21797.20
P68                  31T       1    1    5    7    14        $ 21797.20
P80                  31T       6    2    0    6    14        $ 21797.20
P121                 37T       7    0    2    6    15        $ 28879.79
P31                  37T       3    0    6    6    15        $ 28879.79
P47*                 37        1    4    3    7    15
P57                  37T       1    7    7    0    15        $ 28879.79
P69                  37T       1    3    9    2    15        $ 28879.79
P74                  37T       1    5    5    4    15        $ 28879.79
P0                   43T       2    6    3    5    16        $ 29918.89
P123*                43        3    1    9    3    16
P126*                43        2    4    5    5    16
P53                  43T       2    7    2    5    16        $ 29918.89
P88*                 43        4    4    1    7    16
P101                 48T       5    3    5    4    17        $ 34756.08
P28*                 48        8    2    2    5    17
P40                  48T       8    2    2    5    17        $ 34756.08
P48                  48T       1    2    7    7    17        $ 34756.08
P64*                 48        8    2    5    2    17
P76*                 48        6    3    3    5    17
P77                  48T       3    0    7    7    17        $ 34756.08
P106*                55        0    4    7    7    18
P13                  55T       0    4    5    9    18        $ 25440.01
P133                 55T       4    3    8    3    18        $ 25440.01
P4                   58T       2    6    6    5    19        $ 20244.52
P96                  58T       1    5    9    4    19        $ 20244.52
P16*                 60        2    7    7    4    20
P90                  60        0    9    8    3    20        $ 38339.18
P120                 62T       6    1    7    7    21        $ 15714.46
P132                 62T       2    5    5    9    21        $ 15714.46
P138                 62T       5    1    9    6    21        $ 15714.46
P17                  62T       4    5    7    5    21        $ 15714.46
P24                  62T       6    1    7    7    21        $ 15714.46
P42                  62T       3    3    6    9    21        $ 15714.46
P82                  62T       4    3    9    5    21        $ 15714.46
P127                 69        7    1    6    8    22        $ 40489.04
P58*                 69        7    3    3    9    22
P113                 71T       5    5    6    7    23        $ 20602.83
P60                  71T       7    3    6    7    23        $ 20602.83
P8                   73        5    4    7    8    24        $ 40130.73
P125                 74        2    8    7    9    26        $ 17198.88
P139                 75        5    5    9    8    27        $ 12182.54
P117                           4    3    2         DQ
P44                            1    0              DQ
P5                             8    1              DQ

Player Name          Place     RD1  RD2  RD3  RD4  TOTAL     Money Won
-----------------------------------------------------------------------
P4                   1         2    1    0    0    3         $ 91248.89
P87                  2         1    3    0    1    5         $ 41786.88
P22*                 3         1    0    1    4    6
P98                  3         4    0    2    0    6         $ 47756.43
P97                  5         4    0    2    1    7         $104040.79
P13                  6T        1    1    0    6    8         $ 49462.02
P19                  6T        0    2    2    4    8         $ 49462.02
P67*                 6         2    2    0    4    8
P55                  9         5    0    4    0    9         $ 38375.70
P32                  10T       0    2    1    7    10        $ 14071.09
P35                  10T       1    2    7    0    10        $ 14071.09
P14                  12T       0    0    5    6    11        $ 83695.58
P45                  12T       1    4    0    6    11        $ 83695.58
P56                  12T       5    2    3    1    11        $ 83695.58
P57                  12T       0    6    5    0    11        $ 83695.58
P63                  12T       7    1    3    0    11        $ 83695.58
P78                  12T       0    9    0    2    11        $ 83695.58
P85                  12T       2    3    1    5    11        $ 83695.58
P110                 19T       0    1    5    6    12        $ 58331.07
P112                 19T       5    2    4    1    12        $ 58331.07
P113                 19T       0    9    1    2    12        $ 58331.07
P118                 19T       1    4    7    0    12        $ 58331.07
P130                 19T       6    0    5    1    12        $ 58331.07
P48                  19T       1    7    4    0    12        $ 58331.07
P61                  19T       0    2    3    7    12        $ 58331.07
P65                  19T       2    4    1    5    12        $ 58331.07
P70                  19T       3    3    3    3    12        $ 58331.07
P86                  19T       4    5    2    1    12        $ 58331.07
P108                 29T       3    5    3    2    13        $ 65451.89
P18                  29T       0    9    1    3    13        $ 65451.89
P20*                 29        1    4    4    4    13
P59*                 29        1    1    5    6    13
P68                  29T       0    6    4    3    13        $ 65451.89
P74                  29T       2    5    2    4    13        $ 65451.89
P104                 35T       6    1    4    3    14        $ 37522.91
P50*                 35        5    2    3    4    14
P64                  35T       5    0    2    7    14        $ 37522.91
P80                  35T       0    6    7    1    14        $ 37522.91
P0*                  39        3    0    7    5    15
P117*                39        1    5    4    5    15
P128                 39T       4    4    4    3    15        $ 48609.22
P131*                39        1    4    5    5    15
P47*                 39        0    9    3    3    15
P81                  39T       1    3    6    5    15        $ 48609.22
P84                  39T       0    6    7    2    15        $ 48609.22
P1                   46T       6    0    2    8    16        $ 81868.16
P134*                46        1    7    2    6    16
P16                  46T       0    1    8    7    16        $ 81868.16
P3*                  46        3    6    3    4    16
P54                  46T       0    9    2    5    16        $ 81868.16
P72*                 46        2    7    3    4    16
P8                   46T       8    1    1    6    16        $ 81868.16
P82*                 46        1    2    4    9    16
P127                 54T       4    2    3    8    17        $ 33258.94
P132                 54T       5    0    6    6    17        $ 33258.94
P24                  54T       0    7    7    3    17        $ 33258.94
P30                  54T       2    6    6    3    17        $ 33258.94
P33                  54T       7    2    0    8    17        $ 33258.94
P11                  59T       3    4    9    2    18        $ 44467.08
P129                 59T       3    5    6    4    18        $ 44467.08
P29                  59T       5    2    3    8    18        $ 44467.08
P60                  59T       4    4    9    1    18        $ 44467.08
P69                  59T       5    4    6    3    18        $ 44467.08
P77                  59T       2    7    0    9    18        $ 44467.08
P95                  59T       4    2    4    8    18        $ 44467.08
P34                  66T       5    3    7    4    19        $ 60548.33
P37                  66T       0    5    8    6    19        $ 60548.33
P91                  66T       2    6    5    6    19        $ 60548.33
P101                 69T       6    2    3    9    20        $ 70355.45
P137                 69T       4    3    5    8    20        $ 70355.45
P31                  71T       7    1    8    5    21        $ 77035.67
P39                  71T       7    0    6    8    21        $ 77035.67
P94                  71T       1    7    5    8    21        $ 77035.67
P26                  74        7    1    6    8    22        $ 92101.68
P71*                 74        6    3    5    8    22
P27*                 76        4    4    9    6    23
P123                 77        0    6    9    9    24        $ 59695.54
P6                   78        3    5    9    9    26        $ 17055.87
P49*                           1    7    5         DQ
