Don't step on the broken glass.
The stranger officiates the meal.
I hear that Nancy is very pretty.
She always speaks to him in a loud voice.
Someone I know recently combined Maple Syrup & buttered Popcorn thinking it would taste like caramel popcorn. It didnt and they dont recommend anyone else do it either.
She did not cheat on the test, for it was not the right thing to do.
We have a lot of rain in June.
She borrowed the book from him many years ago and hasn't yet returned it.
Sixty-Four comes asking for bread.
We have a lot of rain in June.
The body may perhaps compensates for the loss of a true metaphysics.
This is a Japanese doll.
Sixty-Four comes asking for bread.
Someone I know recently combined Maple Syrup & buttered Popcorn thinking it would taste like caramel popcorn. It didnt and they dont recommend anyone else do it either.
Wednesday is hump day, but has anyone asked the camel if hes happy about it?
I often see the time 11:11 or 12:34 on clocks.
Joe made the sugar cookies; Susan decorated them.
The book is in front of the table.
It can also be successfully used as a daily exercise to get writers to begin writing. Being shown a random sentence and using it to complete a paragraph each day can be an excellent way to begin any writing session.
Is it free?
A glittering gem is not enough.
The lake is a long way from here.
I am counting my calories, yet I really want dessert.
I am happy to take your donation; any amount will be greatly appreciated.
Rock music approaches at high velocity.
If you're visiting this page, you're likely here because you're searching for a random sentence. Sometimes a random word just isn't enough, and that is where the random sentence generator comes into play. By inputting the desired number, you can make a list of as many random sentences as you want or need. Producing random sentences can be helpful in a number of different ways.
The clock within this blog and the clock on my laptop are 1 hour different from each other.
She was too short to see over the fence.
Wednesday is hump day, but has anyone asked the camel if hes happy about it?
The clock within this blog and the clock on my laptop are 1 hour different from each other.
They got there early, and they got really good seats.
I am happy to take your donation; any amount will be greatly appreciated.
We have a lot of rain in June.
The stranger officiates the meal.
Mary plays the piano.
It was getting dark, and we werent there yet.
Wow, does that work?
Sixty-Four comes asking for bread.
A glittering gem is not enough.
He didnt want to go to the dentist, yet he went anyway.
The body may perhaps compensates for the loss of a true metaphysics.
They got there early, and they got really good seats.
There was no ice cream in the freezer, nor did they have money to go to the store.
What was the person thinking when they discovered cows milk was fine for human consumptionK and why did they do it in the first place!?
We need to rent a room for our party.
Wow, does that work?
A song can make or ruin a persons day if they let it get to them.
There were white out conditions in the town; subsequently, the roads were impassable.
She borrowed the book from him many years ago and hasn't yet returned it.
If the Easter Bunny and the Tooth Fairy had babies would they take your teeth and leave chocolate for you?
The book is in front of the table.
The sky is clear; the stars are twinkling.
Italy is my favorite country; in fact, I plan to spend two weeks there next year.
She wrote him a long letter, but he didn't read it.
Writing a list of random sentences is harder than I initially thought it would be.
She advised him to come back at once.
Last Friday in three weeks time I saw a spotted striped blue worm shake hands with a legless lizard.
My Mum tries to be cool by saying that she likes all the same things that I do.
I would have gotten the promotion, but my attendance wasnt good enough.
The sky is clear; the stars are twinkling.
What was the person thinking when they discovered cows milk was fine for human consumptionK and why did they do it in the first place!?
A song can make or ruin a persons day if they let it get to them.
I am counting my calories, yet I really want dessert.
I think I will buy the red car, or I will lease the blue one.
If you like tuna and tomato sauce- try combining the two. Its really not as bad as it sounds.
She advised him to come back at once.
I hear that Nancy is very pretty.
Everyone was busy, so I went to the movie alone.
A song can make or ruin a persons day if they let it get to them.
It was getting dark, and we werent there yet.
For writers, a random sentence can help them get their creative juices flowing. Since the topic of the sentence is completely unknown, it forces the writer to be creative when the sentence appears. There are a number of different ways a writer can use the random sentence for creativity. The most common way to use the sentence is to begin a story. Another option is to include it somewhere in the story. A much more difficult challenge is to use it to end a story. In any of these cases, it forces the writer to think creatively since they have no idea what sentence will appear from the tool.
What was the person thinking when they discovered cows milk was fine for human consumptionK and why did they do it in the first place!?
The stranger officiates the meal.
Abstraction is often one floor above you.
She borrowed the book from him many years ago and hasn't yet returned it.
The lake is a long way from here.
She did her best to help him.
The body may perhaps compensates for the loss of a true metaphysics.
The mysterious diary records the voice.
Wednesday is hump day, but has anyone asked the camel if hes happy about it?
Our goal is to make this tool as useful as possible. For anyone who uses this tool and comes up with a way we can improve it, we'd love to know your thoughts. Please contact us so we can consider adding your ideas to make the random sentence generator the best it can be.
I will never be this young again. Ever. Oh damnK I just got older.
She advised him to come back at once.
The quick brown fox jumps over the lazy dog.
Wednesday is hump day, but has anyone asked the camel if hes happy about it?
Mary plays the piano.
Christmas is coming.
I think I will buy the red car, or I will lease the blue one.
It can also be successfully used as a daily exercise to get writers to begin writing. Being shown a random sentence and using it to complete a paragraph each day can be an excellent way to begin any writing session.
The clock within this blog and the clock on my laptop are 1 hour different from each other.
What was the person thinking when they discovered cows milk was fine for human consumptionK and why did they do it in the first place!?
Check back tomorrow; I will see if the book has arrived.
She was too short to see over the fence.
Italy is my favorite country; in fact, I plan to spend two weeks there next year.
The stranger officiates the meal.
Sometimes, all you need to do is completely make an ass of yourself and laugh it off to realise that life isnt so bad after all.
For those writers who have writers' block, this can be an excellent way to take a step to crumbling those walls. By taking the writer away from the subject matter that is causing the block, a random sentence may allow them to see the project they're working on in a different light and perspective. Sometimes all it takes is to get that first sentence down to help break the block.
The old apple revels in its authority.
Rock music approaches at high velocity.
He turned in the research paper on Friday; otherwise, he would have not passed the class.
I was very proud of my nickname throughout high school but today- I couldnt be any different to what my nickname was.
These are just a few ways that one might use the random sentence generator for their benefit. If you're not sure if it will help in the way you want, the best course of action is to try it and see. Have several random sentences generated and you'll soon be able to see if they can help with your project.
I am happy to take your donation; any amount will be greatly appreciated.
Check back tomorrow; I will see if the book has arrived.
Everyone was busy, so I went to the movie alone.
She did not cheat on the test, for it was not the right thing to do.
I will never be this young again. Ever. Oh damnK I just got older.
She folded her handkerchief neatly.
She was too short to see over the fence.
Let me help you with your baggage.
Joe made the sugar cookies; Susan decorated them.
I love eating toasted cheese and tuna sandwiches.
He said he was not there yesterday; however, many people saw him there.
The lake is a long way from here.
Two seats were vacant.
Lets all be unique together until we realise we are all the same.
Don't step on the broken glass.
Should we start class now, or should we wait for everyone to get here?
Yeah, I think it's a good environment for learning English.
If Purple People Eaters are realK where do they find purple people to eat?
The sky is clear; the stars are twinkling.
I think I will buy the red car, or I will lease the blue one.
This is a Japanese doll.
Yeah, I think it's a good environment for learning English.
He turned in the research paper on Friday; otherwise, he would have not passed the class.
Last Friday in three weeks time I saw a spotted striped blue worm shake hands with a legless lizard.
Last Friday in three weeks time I saw a spotted striped blue worm shake hands with a legless lizard.
If you like tuna and tomato sauce- try combining the two. Its really not as bad as it sounds.
Lets all be unique together until we realise we are all the same.
I would have gotten the promotion, but my attendance wasnt good enough.
I checked to make sure that he was still alive.
She wrote him a long letter, but he didn't read it.
She advised him to come back at once.
The clock within this blog and the clock on my laptop are 1 hour different from each other.
How was the math test?
My Mum tries to be cool by saying that she likes all the same things that I do.
I was very proud of my nickname throughout high school but today- I couldnt be any different to what my nickname was.
Christmas is coming.
She always speaks to him in a loud voice.
She did not cheat on the test, for it was not the right thing to do.
Someone I know recently combined Maple Syrup & buttered Popcorn thinking it would taste like caramel popcorn. It didnt and they dont recommend anyone else do it either.
A song can make or ruin a persons day if they let it get to them.
Mary plays the piano.
We have never been to Asia, nor have we visited Africa.
She folded her handkerchief neatly.
Sometimes, all you need to do is completely make an ass of yourself and laugh it off to realise that life isnt so bad after all.
If I dont like something, Ill stay away from it.
The waves were crashing on the shore; it was a lovely sight.
Writing a list of random sentences is harder than I initially thought it would be.
He turned in the research paper on Friday; otherwise, he would have not passed the class.
There were white out conditions in the town; subsequently, the roads were impassable.
She always speaks to him in a loud voice.
I'd rather be a bird than a fish.
It was getting dark, and we werent there yet.
When I was little I had a car door slammed shut on my hand. I still remember it quite vividly.
For those writers who have writers' block, this can be an excellent way to take a step to crumbling those walls. By taking the writer away from the subject matter that is causing the block, a random sentence may allow them to see the project they're working on in a different light and perspective. Sometimes all it takes is to get that first sentence down to help break the block.
The body may perhaps compensates for the loss of a true metaphysics.
She works two jobs to make ends meet; at least, that was her reason for not having time to join us.
This is a Japanese doll.
The sky is clear; the stars are twinkling.
We have never been to Asia, nor have we visited Africa.
We have never been to Asia, nor have we visited Africa.
Rock music approaches at high velocity.
Our goal is to make this tool as useful as possible. For anyone who uses this tool and comes up with a way we can improve it, we'd love to know your thoughts. Please contact us so we can consider adding your ideas to make the random sentence generator the best it can be.
She advised him to come back at once.
I really want to go to work, but I am too sick to drive.
The quick brown fox jumps over the lazy dog.
I would have gotten the promotion, but my attendance wasnt good enough.
If you're visiting this page, you're likely here because you're searching for a random sentence. Sometimes a random word just isn't enough, and that is where the random sentence generator comes into play. By inputting the desired number, you can make a list of as many random sentences as you want or need. Producing random sentences can be helpful in a number of different ways.
Tom got a small piece of pie.
Malls are great places to shop; I can find everything I need under one roof.
She borrowed the book from him many years ago and hasn't yet returned it.
Check back tomorrow; I will see if the book has arrived.
She wrote him a long letter, but he didn't read it.
She folded her handkerchief neatly.
The river stole the gods.
It was getting dark, and we werent there yet.
She was too short to see over the fence.
The waves were crashing on the shore; it was a lovely sight.
He ran out of money, so he had to stop playing poker.
Wednesday is hump day, but has anyone asked the camel if hes happy about it?
This is a Japanese doll.
We have never been to Asia, nor have we visited Africa.
I am happy to take your donation; any amount will be greatly appreciated.
Sometimes it is better to just walk away from things and go back to them later when youre in a better frame of mind.
She wrote him a long letter, but he didn't read it.
A purple pig and a green donkey flew a kite in the middle of the night and ended up sunburnt.
Abstraction is often one floor above you.
What was the person thinking when they discovered cows milk was fine for human consumptionK and why did they do it in the first place!?
I would have gotten the promotion, but my attendance wasnt good enough.
He ran out of money, so he had to stop playing poker.
My Mum tries to be cool by saying that she likes all the same things that I do.
Abstraction is often one floor above you.
This is a Japanese doll.
Let me help you with your baggage.
A purple pig and a green donkey flew a kite in the middle of the night and ended up sunburnt.
Italy is my favorite country; in fact, I plan to spend two weeks there next year.
I often see the time 11:11 or 12:34 on clocks.
Don't step on the broken glass.
I love eating toasted cheese and tuna sandwiches.
We have never been to Asia, nor have we visited Africa.
Lets all be unique together until we realise we are all the same.
I want more detailed information.
Where do random thoughts come from?
Sometimes, all you need to do is completely make an ass of yourself and laugh it off to realise that life isnt so bad after all.
There was no ice cream in the freezer, nor did they have money to go to the store.
I really want to go to work, but I am too sick to drive.
Writing a list of random sentences is harder than I initially thought it would be.
She folded her handkerchief neatly.
The river stole the gods.
The stranger officiates the meal.
If Purple People Eaters are realK where do they find purple people to eat?
What was the person thinking when they discovered cows milk was fine for human consumptionK and why did they do it in the first place!?
Tom got a small piece of pie.
I want to buy a onesieK but know it wont suit me.
I often see the time 11:11 or 12:34 on clocks.
The sky is clear; the stars are twinkling.
A song can make or ruin a persons day if they let it get to them.
The old apple revels in its authority.
The waves were crashing on the shore; it was a lovely sight.
I am never at home on Sundays.
The river stole the gods.
Writing a list of random sentences is harder than I initially thought it would be.
Everyone was busy, so I went to the movie alone.
It can also be successfully used as a daily exercise to get writers to begin writing. Being shown a random sentence and using it to complete a paragraph each day can be an excellent way to begin any writing session.
They got there early, and they got really good seats.
She borrowed the book from him many years ago and hasn't yet returned it.
He didnt want to go to the dentist, yet he went anyway.
Christmas is coming.
She works two jobs to make ends meet; at least, that was her reason for not having time to join us.
The clock within this blog and the clock on my laptop are 1 hour different from each other.
The shooter says goodbye to his love.
She was too short to see over the fence.
The old apple revels in its authority.
Abstraction is often one floor above you.
The memory we used to share is no longer coherent.
He said he was not there yesterday; however, many people saw him there.
Yeah, I think it's a good environment for learning English.
If Purple People Eaters are realK where do they find purple people to eat?
Let me help you with your baggage.
The body may perhaps compensates for the loss of a true metaphysics.
If you like tuna and tomato sauce- try combining the two. Its really not as bad as it sounds.
This is the last random sentence I will be writing and I am going to stop mid-sent
We need to rent a room for our party.
For those writers who have writers' block, this can be an excellent way to take a step to crumbling those walls. By taking the writer away from the subject matter that is causing the block, a random sentence may allow them to see the project they're working on in a different light and perspective. Sometimes all it takes is to get that first sentence down to help break the block.
She folded her handkerchief neatly.
I want to buy a onesieK but know it wont suit me.
He told us a very exciting adventure story.
We have never been to Asia, nor have we visited Africa.
I am never at home on Sundays.
Two seats were vacant.
My Mum tries to be cool by saying that she likes all the same things that I do.
She did not cheat on the test, for it was not the right thing to do.
A song can make or ruin a persons day if they let it get to them.
My Mum tries to be cool by saying that she likes all the same things that I do.
I am never at home on Sundays.
She did not cheat on the test, for it was not the right thing to do.
He told us a very exciting adventure story.
I would have gotten the promotion, but my attendance wasnt good enough.
There were white out conditions in the town; subsequently, the roads were impassable.
Rock music approaches at high velocity.
Christmas is coming.
The sky is clear; the stars are twinkling.
Is it free?
She only paints with bold colors; she does not like pastels.
The shooter says goodbye to his love.
The old apple revels in its authority.
I often see the time 11:11 or 12:34 on clocks.
Rock music approaches at high velocity.
He ran out of money, so he had to stop playing poker.
I love eating toasted cheese and tuna sandwiches.
We need to rent a room for our party.
Random sentences can also spur creativity in other types of projects being done. If you are trying to come up with a new concept, a new idea or a new product, a random sentence may help you find unique qualities you may not have considered. Trying to incorporate the sentence into your project can help you look at it in different and unexpected ways than you would normally on your own.
Don't step on the broken glass.
She borrowed the book from him many years ago and hasn't yet returned it.
We have never been to Asia, nor have we visited Africa.
Last Friday in three weeks time I saw a spotted striped blue worm shake hands with a legless lizard.
Rock music approaches at high velocity.
I am counting my calories, yet I really want dessert.
He turned in the research paper on Friday; otherwise, he would have not passed the class.
The waves were crashing on the shore; it was a lovely sight.
She folded her handkerchief neatly.
I am happy to take your donation; any amount will be greatly appreciated.
This is the last random sentence I will be writing and I am going to stop mid-sent
There was no ice cream in the freezer, nor did they have money to go to the store.
Sometimes it is better to just walk away from things and go back to them later when youre in a better frame of mind.
I want to buy a onesieK but know it wont suit me.
Malls are great places to shop; I can find everything I need under one roof.
Cats are good pets, for they are clean and are not noisy.
Last Friday in three weeks time I saw a spotted striped blue worm shake hands with a legless lizard.
Sometimes, all you need to do is completely make an ass of yourself and laugh it off to realise that life isnt so bad after all.
Mary plays the piano.
She borrowed the book from him many years ago and hasn't yet returned it.
Wednesday is hump day, but has anyone asked the camel if hes happy about it?
Writing a list of random sentences is harder than I initially thought it would be.
She did her best to help him.
Sometimes, all you need to do is completely make an ass of yourself and laugh it off to realise that life isnt so bad after all.
Where do random thoughts come from?
I love eating toasted cheese and tuna sandwiches.
Where do random thoughts come from?
Two seats were vacant.
I am counting my calories, yet I really want dessert.
I hear that Nancy is very pretty.
I want to buy a onesieK but know it wont suit me.
He turned in the research paper on Friday; otherwise, he would have not passed the class.
She works two jobs to make ends meet; at least, that was her reason for not having time to join us.
For those writers who have writers' block, this can be an excellent way to take a step to crumbling those walls. By taking the writer away from the subject matter that is causing the block, a random sentence may allow them to see the project they're working on in a different light and perspective. Sometimes all it takes is to get that first sentence down to help break the block.
He didnt want to go to the dentist, yet he went anyway.
She did not cheat on the test, for it was not the right thing to do.
If the Easter Bunny and the Tooth Fairy had babies would they take your teeth and leave chocolate for you?
I want more detailed information.
A song can make or ruin a persons day if they let it get to them.
We have a lot of rain in June.
What was the person thinking when they discovered cows milk was fine for human consumptionK and why did they do it in the first place!?
When I was little I had a car door slammed shut on my hand. I still remember it quite vividly.
Is it free?
He told us a very exciting adventure story.
Christmas is coming.
Italy is my favorite country; in fact, I plan to spend two weeks there next year.
Hurry!
She advised him to come back at once.
I checked to make sure that he was still alive.
There was no ice cream in the freezer, nor did they have money to go to the store.
A song can make or ruin a persons day if they let it get to them.
The river stole the gods.
Christmas is coming.
This is the last random sentence I will be writing and I am going to stop mid-sent
A purple pig and a green donkey flew a kite in the middle of the night and ended up sunburnt.
My Mum tries to be cool by saying that she likes all the same things that I do.
Should we start class now, or should we wait for everyone to get here?
He told us a very exciting adventure story.
Tom got a small piece of pie.
He said he was not there yesterday; however, many people saw him there.
I often see the time 11:11 or 12:34 on clocks.
It was getting dark, and we werent there yet.
How was the math test?
Cats are good pets, for they are clean and are not noisy.
If you like tuna and tomato sauce- try combining the two. Its really not as bad as it sounds.
I checked to make sure that he was still alive.
We have a lot of rain in June.
He said he was not there yesterday; however, many people saw him there.
For those writers who have writers' block, this can be an excellent way to take a step to crumbling those walls. By taking the writer away from the subject matter that is causing the block, a random sentence may allow them to see the project they're working on in a different light and perspective. Sometimes all it takes is to get that first sentence down to help break the block.
I am never at home on Sundays.
The body may perhaps compensates for the loss of a true metaphysics.
The waves were crashing on the shore; it was a lovely sight.
If Purple People Eaters are realK where do they find purple people to eat?
A glittering gem is not enough.
I will never be this young again. Ever. Oh damnK I just got older.
Sometimes, all you need to do is completely make an ass of yourself and laugh it off to realise that life isnt so bad after all.
They got there early, and they got really good seats.
There were white out conditions in the town; subsequently, the roads were impassable.
I hear that Nancy is very pretty.
A glittering gem is not enough.
I want to buy a onesieK but know it wont suit me.
Please wait outside of the house.
I love eating toasted cheese and tuna sandwiches.
Someone I know recently combined Maple Syrup & buttered Popcorn thinking it would taste like caramel popcorn. It didnt and they dont recommend anyone else do it either.
Someone I know recently combined Maple Syrup & buttered Popcorn thinking it would taste like caramel popcorn. It didnt and they dont recommend anyone else do it either.
The old apple revels in its authority.
The old apple revels in its authority.
Mary plays the piano.
Malls are great places to shop; I can find everything I need under one roof.
I am never at home on Sundays.
She folded her handkerchief neatly.
Last Friday in three weeks time I saw a spotted striped blue worm shake hands with a legless lizard.
I would have gotten the promotion, but my attendance wasnt good enough.
Where do random thoughts come from?
Rock music approaches at high velocity.
The lake is a long way from here.
It can also be successfully used as a daily exercise to get writers to begin writing. Being shown a random sentence and using it to complete a paragraph each day can be an excellent way to begin any writing session.
Writing a list of random sentences is harder than I initially thought it would be.
Random sentences can also spur creativity in other types of projects being done. If you are trying to come up with a new concept, a new idea or a new product, a random sentence may help you find unique qualities you may not have considered. Trying to incorporate the sentence into your project can help you look at it in different and unexpected ways than you would normally on your own.
Our goal is to make this tool as useful as possible. For anyone who uses this tool and comes up with a way we can improve it, we'd love to know your thoughts. Please contact us so we can consider adding your ideas to make the random sentence generator the best it can be.
The lake is a long way from here.
She wrote him a long letter, but he didn't read it.
Is it free?
Writing a list of random sentences is harder than I initially thought it would be.
Check back tomorrow; I will see if the book has arrived.
The river stole the gods.
Last Friday in three weeks time I saw a spotted striped blue worm shake hands with a legless lizard.
I was very proud of my nickname throughout high school but today- I couldnt be any different to what my nickname was.
She only paints with bold colors; she does not like pastels.
Sixty-Four comes asking for bread.
Mary plays the piano.
I would have gotten the promotion, but my attendance wasnt good enough.
There was no ice cream in the freezer, nor did they have money to go to the store.
If you like tuna and tomato sauce- try combining the two. Its really not as bad as it sounds.
It can also be successfully used as a daily exercise to get writers to begin writing. Being shown a random sentence and using it to complete a paragraph each day can be an excellent way to begin any writing session.
We need to rent a room for our party.
I often see the time 11:11 or 12:34 on clocks.
Check back tomorrow; I will see if the book has arrived.
Writing a list of random sentences is harder than I initially thought it would be.
He told us a very exciting adventure story.
She wrote him a long letter, but he didn't read it.
When I was little I had a car door slammed shut on my hand. I still remember it quite vividly.
How was the math test?
I hear that Nancy is very pretty.
Writing a list of random sentences is harder than I initially thought it would be.
He ran out of money, so he had to stop playing poker.
I often see the time 11:11 or 12:34 on clocks.
Italy is my favorite country; in fact, I plan to spend two weeks there next year.
She folded her handkerchief neatly.
I think I will buy the red car, or I will lease the blue one.
If I dont like something, Ill stay away from it.
The memory we used to share is no longer coherent.
My Mum tries to be cool by saying that she likes all the same things that I do.
He turned in the research paper on Friday; otherwise, he would have not passed the class.
He told us a very exciting adventure story.
Sometimes, all you need to do is completely make an ass of yourself and laugh it off to realise that life isnt so bad after all.
Malls are great places to shop; I can find everything I need under one roof.
Lets all be unique together until we realise we are all the same.
When I was little I had a car door slammed shut on my hand. I still remember it quite vividly.
This is the last random sentence I will be writing and I am going to stop mid-sent
This is the last random sentence I will be writing and I am going to stop mid-sent
I want more detailed information.
Don't step on the broken glass.
Lets all be unique together until we realise we are all the same.
He ran out of money, so he had to stop playing poker.
I will never be this young again. Ever. Oh damnK I just got older.
How was the math test?
For those writers who have writers' block, this can be an excellent way to take a step to crumbling those walls. By taking the writer away from the subject matter that is causing the block, a random sentence may allow them to see the project they're working on in a different light and perspective. Sometimes all it takes is to get that first sentence down to help break the block.
It was getting dark, and we werent there yet.
For writers, a random sentence can help them get their creative juices flowing. Since the topic of the sentence is completely unknown, it forces the writer to be creative when the sentence appears. There are a number of different ways a writer can use the random sentence for creativity. The most common way to use the sentence is to begin a story. Another option is to include it somewhere in the story. A much more difficult challenge is to use it to end a story. In any of these cases, it forces the writer to think creatively since they have no idea what sentence will appear from the tool.
The memory we used to share is no longer coherent.
The old apple revels in its authority.
I would have gotten the promotion, but my attendance wasnt good enough.
He turned in the research paper on Friday; otherwise, he would have not passed the class.
I would have gotten the promotion, but my attendance wasnt good enough.
Abstraction is often one floor above you.
Hurry!
She works two jobs to make ends meet; at least, that was her reason for not having time to join us.
Hurry!
I am counting my calories, yet I really want dessert.
They got there early, and they got really good seats.
Is it free?
Hurry!
He told us a very exciting adventure story.
I am never at home on Sundays.
A purple pig and a green donkey flew a kite in the middle of the night and ended up sunburnt.
If the Easter Bunny and the Tooth Fairy had babies would they take your teeth and leave chocolate for you?
He turned in the research paper on Friday; otherwise, he would have not passed the class.
This is the last random sentence I will be writing and I am going to stop mid-sent
I want more detailed information.
For those writers who have writers' block, this can be an excellent way to take a step to crumbling those walls. By taking the writer away from the subject matter that is causing the block, a random sentence may allow them to see the project they're working on in a different light and perspective. Sometimes all it takes is to get that first sentence down to help break the block.
I think I will buy the red car, or I will lease the blue one.
The mysterious diary records the voice.
He ran out of money, so he had to stop playing poker.
Tom got a small piece of pie.
Lets all be unique together until we realise we are all the same.
Cats are good pets, for they are clean and are not noisy.
Wow, does that work?
The river stole the gods.
Mary plays the piano.
She was too short to see over the fence.
We have never been to Asia, nor have we visited Africa.
I am never at home on Sundays.
Please wait outside of the house.
If the Easter Bunny and the Tooth Fairy had babies would they take your teeth and leave chocolate for you?
She folded her handkerchief neatly.
Lets all be unique together until we realise we are all the same.
She always speaks to him in a loud voice.
A song can make or ruin a persons day if they let it get to them.
There were white out conditions in the town; subsequently, the roads were impassable.
The book is in front of the table.
If I dont like something, Ill stay away from it.
The mysterious diary records the voice.
Check back tomorrow; I will see if the book has arrived.
I would have gotten the promotion, but my attendance wasnt good enough.
There was no ice cream in the freezer, nor did they have money to go to the store.
The book is in front of the table.
She always speaks to him in a loud voice.
Where do random thoughts come from?
We need to rent a room for our party.
She only paints with bold colors; she does not like pastels.
I love eating toasted cheese and tuna sandwiches.
I often see the time 11:11 or 12:34 on clocks.
How was the math test?
Writing a list of random sentences is harder than I initially thought it would be.
I love eating toasted cheese and tuna sandwiches.
She did her best to help him.
We have never been to Asia, nor have we visited Africa.
I often see the time 11:11 or 12:34 on clocks.
If you're visiting this page, you're likely here because you're searching for a random sentence. Sometimes a random word just isn't enough, and that is where the random sentence generator comes into play. By inputting the desired number, you can make a list of as many random sentences as you want or need. Producing random sentences can be helpful in a number of different ways.
What was the person thinking when they discovered cows milk was fine for human consumptionK and why did they do it in the first place!?
Writing a list of random sentences is harder than I initially thought it would be.
Someone I know recently combined Maple Syrup & buttered Popcorn thinking it would taste like caramel popcorn. It didnt and they dont recommend anyone else do it either.
If the Easter Bunny and the Tooth Fairy had babies would they take your teeth and leave chocolate for you?
There were white out conditions in the town; subsequently, the roads were impassable.
The memory we used to share is no longer coherent.
It was getting dark, and we werent there yet.
They got there early, and they got really good seats.
Cats are good pets, for they are clean and are not noisy.
He told us a very exciting adventure story.
Wednesday is hump day, but has anyone asked the camel if hes happy about it?
Someone I know recently combined Maple Syrup & buttered Popcorn thinking it would taste like caramel popcorn. It didnt and they dont recommend anyone else do it either.
He turned in the research paper on Friday; otherwise, he would have not passed the class.
She did not cheat on the test, for it was not the right thing to do.
The old apple revels in its authority.
Sixty-Four comes asking for bread.
These are just a few ways that one might use the random sentence generator for their benefit. If you're not sure if it will help in the way you want, the best course of action is to try it and see. Have several random sentences generated and you'll soon be able to see if they can help with your project.
I checked to make sure that he was still alive.
The stranger officiates the meal.
We have a lot of rain in June.
She folded her handkerchief neatly.
The waves were crashing on the shore; it was a lovely sight.
We need to rent a room for our party.
If you like tuna and tomato sauce- try combining the two. Its really not as bad as it sounds.
She borrowed the book from him many years ago and hasn't yet returned it.
She works two jobs to make ends meet; at least, that was her reason for not having time to join us.
Last Friday in three weeks time I saw a spotted striped blue worm shake hands with a legless lizard.
This is a Japanese doll.
She was too short to see over the fence.
Sometimes it is better to just walk away from things and go back to them later when youre in a better frame of mind.
I really want to go to work, but I am too sick to drive.
Last Friday in three weeks time I saw a spotted striped blue worm shake hands with a legless lizard.
Wow, does that work?
Abstraction is often one floor above you.
I am counting my calories, yet I really want dessert.
For those writers who have writers' block, this can be an excellent way to take a step to crumbling those walls. By taking the writer away from the subject matter that is causing the block, a random sentence may allow them to see the project they're working on in a different light and perspective. Sometimes all it takes is to get that first sentence down to help break the block.
A glittering gem is not enough.
Rock music approaches at high velocity.
Christmas is coming.
She folded her handkerchief neatly.
I love eating toasted cheese and tuna sandwiches.
Cats are good pets, for they are clean and are not noisy.
The mysterious diary records the voice.
Lets all be unique together until we realise we are all the same.
Yeah, I think it's a good environment for learning English.
I am counting my calories, yet I really want dessert.
She folded her handkerchief neatly.
He turned in the research paper on Friday; otherwise, he would have not passed the class.
What was the person thinking when they discovered cows milk was fine for human consumptionK and why did they do it in the first place!?
It can also be successfully used as a daily exercise to get writers to begin writing. Being shown a random sentence and using it to complete a paragraph each day can be an excellent way to begin any writing session.
Please wait outside of the house.
Random sentences can also spur creativity in other types of projects being done. If you are trying to come up with a new concept, a new idea or a new product, a random sentence may help you find unique qualities you may not have considered. Trying to incorporate the sentence into your project can help you look at it in different and unexpected ways than you would normally on your own.
I often see the time 11:11 or 12:34 on clocks.
If the Easter Bunny and the Tooth Fairy had babies would they take your teeth and leave chocolate for you?
If I dont like something, Ill stay away from it.
The shooter says goodbye to his love.
Where do random thoughts come from?
She was too short to see over the fence.
Sometimes it is better to just walk away from things and go back to them later when youre in a better frame of mind.
Check back tomorrow; I will see if the book has arrived.
I love eating toasted cheese and tuna sandwiches.
Hurry!
I am counting my calories, yet I really want dessert.
The memory we used to share is no longer coherent.
Italy is my favorite country; in fact, I plan to spend two weeks there next year.
The old apple revels in its authority.
When I was little I had a car door slammed shut on my hand. I still remember it quite vividly.
He told us a very exciting adventure story.
There were white out conditions in the town; subsequently, the roads were impassable.
Lets all be unique together until we realise we are all the same.
He turned in the research paper on Friday; otherwise, he would have not passed the class.
I will never be this young again. Ever. Oh damnK I just got older.
She did her best to help him.
There were white out conditions in the town; subsequently, the roads were impassable.
A song can make or ruin a persons day if they let it get to them.
A song can make or ruin a persons day if they let it get to them.
Abstraction is often one floor above you.
I often see the time 11:11 or 12:34 on clocks.
She works two jobs to make ends meet; at least, that was her reason for not having time to join us.
She wrote him a long letter, but he didn't read it.
I checked to make sure that he was still alive.
A glittering gem is not enough.
I hear that Nancy is very pretty.
I will never be this young again. Ever. Oh damnK I just got older.
It can also be successfully used as a daily exercise to get writers to begin writing. Being shown a random sentence and using it to complete a paragraph each day can be an excellent way to begin any writing session.
The body may perhaps compensates for the loss of a true metaphysics.
This is the last random sentence I will be writing and I am going to stop mid-sent
I am counting my calories, yet I really want dessert.
This is the last random sentence I will be writing and I am going to stop mid-sent
The old apple revels in its authority.
The waves were crashing on the shore; it was a lovely sight.
He turned in the research paper on Friday; otherwise, he would have not passed the class.
We need to rent a room for our party.
The stranger officiates the meal.
Joe made the sugar cookies; Susan decorated them.
I want more detailed information.
Yeah, I think it's a good environment for learning English.
Let me help you with your baggage.
The memory we used to share is no longer coherent.
Check back tomorrow; I will see if the book has arrived.
Should we start class now, or should we wait for everyone to get here?
I currently have 4 windows open upK and I dont know why.
The sky is clear; the stars are twinkling.
Our goal is to make this tool as useful as possible. For anyone who uses this tool and comes up with a way we can improve it, we'd love to know your thoughts. Please contact us so we can consider adding your ideas to make the random sentence generator the best it can be.
She was too short to see over the fence.
She folded her handkerchief neatly.
She wrote him a long letter, but he didn't read it.
Cats are good pets, for they are clean and are not noisy.
I hear that Nancy is very pretty.
I want more detailed information.
What was the person thinking when they discovered cows milk was fine for human consumptionK and why did they do it in the first place!?
I am happy to take your donation; any amount will be greatly appreciated.
What was the person thinking when they discovered cows milk was fine for human consumptionK and why did they do it in the first place!?
Christmas is coming.
Let me help you with your baggage.
For writers, a random sentence can help them get their creative juices flowing. Since the topic of the sentence is completely unknown, it forces the writer to be creative when the sentence appears. There are a number of different ways a writer can use the random sentence for creativity. The most common way to use the sentence is to begin a story. Another option is to include it somewhere in the story. A much more difficult challenge is to use it to end a story. In any of these cases, it forces the writer to think creatively since they have no idea what sentence will appear from the tool.
Joe made the sugar cookies; Susan decorated them.
Christmas is coming.
The lake is a long way from here.
We have a lot of rain in June.
Someone I know recently combined Maple Syrup & buttered Popcorn thinking it would taste like caramel popcorn. It didnt and they dont recommend anyone else do it either.
Everyone was busy, so I went to the movie alone.
Someone I know recently combined Maple Syrup & buttered Popcorn thinking it would taste like caramel popcorn. It didnt and they dont recommend anyone else do it either.
The sky is clear; the stars are twinkling.
A glittering gem is not enough.
I want to buy a onesieK but know it wont suit me.
Two seats were vacant.
The clock within this blog and the clock on my laptop are 1 hour different from each other.
Should we start class now, or should we wait for everyone to get here?
Rock music approaches at high velocity.
I am never at home on Sundays.
How was the math test?
For writers, a random sentence can help them get their creative juices flowing. Since the topic of the sentence is completely unknown, it forces the writer to be creative when the sentence appears. There are a number of different ways a writer can use the random sentence for creativity. The most common way to use the sentence is to begin a story. Another option is to include it somewhere in the story. A much more difficult challenge is to use it to end a story. In any of these cases, it forces the writer to think creatively since they have no idea what sentence will appear from the tool.
She always speaks to him in a loud voice.
If I dont like something, Ill stay away from it.
Sometimes it is better to just walk away from things and go back to them later when youre in a better frame of mind.
I will never be this young again. Ever. Oh damnK I just got older.
Sometimes it is better to just walk away from things and go back to them later when youre in a better frame of mind.
Italy is my favorite country; in fact, I plan to spend two weeks there next year.
Sometimes it is better to just walk away from things and go back to them later when youre in a better frame of mind.
I would have gotten the promotion, but my attendance wasnt good enough.
The memory we used to share is no longer coherent.
Sixty-Four comes asking for bread.
This is a Japanese doll.
How was the math test?
It can also be successfully used as a daily exercise to get writers to begin writing. Being shown a random sentence and using it to complete a paragraph each day can be an excellent way to begin any writing session.
Is it free?
The river stole the gods.
I currently have 4 windows open upK and I dont know why.
I am happy to take your donation; any amount will be greatly appreciated.
He told us a very exciting adventure story.
Our goal is to make this tool as useful as possible. For anyone who uses this tool and comes up with a way we can improve it, we'd love to know your thoughts. Please contact us so we can consider adding your ideas to make the random sentence generator the best it can be.
Where do random thoughts come from?
She works two jobs to make ends meet; at least, that was her reason for not having time to join us.
When I was little I had a car door slammed shut on my hand. I still remember it quite vividly.
The waves were crashing on the shore; it was a lovely sight.
Tom got a small piece of pie.
The body may perhaps compensates for the loss of a true metaphysics.
Should we start class now, or should we wait for everyone to get here?
The mysterious diary records the voice.
If the Easter Bunny and the Tooth Fairy had babies would they take your teeth and leave chocolate for you?
It can also be a fun way to surprise others. You might choose to share a random sentence on social media just to see what type of reaction it garners from others. It's an unexpected move that might create more conversation than a typical post or tweet.
Sometimes, all you need to do is completely make an ass of yourself and laugh it off to realise that life isnt so bad after all.
For those writers who have writers' block, this can be an excellent way to take a step to crumbling those walls. By taking the writer away from the subject matter that is causing the block, a random sentence may allow them to see the project they're working on in a different light and perspective. Sometimes all it takes is to get that first sentence down to help break the block.
This is the last random sentence I will be writing and I am going to stop mid-sent
She was too short to see over the fence.
This is the last random sentence I will be writing and I am going to stop mid-sent
For writers, a random sentence can help them get their creative juices flowing. Since the topic of the sentence is completely unknown, it forces the writer to be creative when the sentence appears. There are a number of different ways a writer can use the random sentence for creativity. The most common way to use the sentence is to begin a story. Another option is to include it somewhere in the story. A much more difficult challenge is to use it to end a story. In any of these cases, it forces the writer to think creatively since they have no idea what sentence will appear from the tool.
I think I will buy the red car, or I will lease the blue one.
A song can make or ruin a persons day if they let it get to them.
It can also be successfully used as a daily exercise to get writers to begin writing. Being shown a random sentence and using it to complete a paragraph each day can be an excellent way to begin any writing session.
A glittering gem is not enough.
Random sentences can also spur creativity in other types of projects being done. If you are trying to come up with a new concept, a new idea or a new product, a random sentence may help you find unique qualities you may not have considered. Trying to incorporate the sentence into your project can help you look at it in different and unexpected ways than you would normally on your own.
Italy is my favorite country; in fact, I plan to spend two weeks there next year.
Sixty-Four comes asking for bread.
He said he was not there yesterday; however, many people saw him there.
We have never been to Asia, nor have we visited Africa.
The book is in front of the table.
Writing a list of random sentences is harder than I initially thought it would be.
She always speaks to him in a loud voice.
Where do random thoughts come from?
Rock music approaches at high velocity.
I checked to make sure that he was still alive.
The body may perhaps compensates for the loss of a true metaphysics.
I was very proud of my nickname throughout high school but today- I couldnt be any different to what my nickname was.
She was too short to see over the fence.
She borrowed the book from him many years ago and hasn't yet returned it.
I think I will buy the red car, or I will lease the blue one.
There were white out conditions in the town; subsequently, the roads were impassable.
Sometimes it is better to just walk away from things and go back to them later when youre in a better frame of mind.
If you like tuna and tomato sauce- try combining the two. Its really not as bad as it sounds.
Abstraction is often one floor above you.
This is the last random sentence I will be writing and I am going to stop mid-sent
The quick brown fox jumps over the lazy dog.
Check back tomorrow; I will see if the book has arrived.
Where do random thoughts come from?
Rock music approaches at high velocity.
We have a lot of rain in June.
It can also be successfully used as a daily exercise to get writers to begin writing. Being shown a random sentence and using it to complete a paragraph each day can be an excellent way to begin any writing session.
Please wait outside of the house.
It can also be successfully used as a daily exercise to get writers to begin writing. Being shown a random sentence and using it to complete a paragraph each day can be an excellent way to begin any writing session.
My Mum tries to be cool by saying that she likes all the same things that I do.
The body may perhaps compensates for the loss of a true metaphysics.
I am counting my calories, yet I really want dessert.
If I dont like something, Ill stay away from it.
The lake is a long way from here.
We have never been to Asia, nor have we visited Africa.
Should we start class now, or should we wait for everyone to get here?
She wrote him a long letter, but he didn't read it.
I really want to go to work, but I am too sick to drive.
A song can make or ruin a persons day if they let it get to them.
What was the person thinking when they discovered cows milk was fine for human consumptionK and why did they do it in the first place!?
Sometimes it is better to just walk away from things and go back to them later when youre in a better frame of mind.
These are just a few ways that one might use the random sentence generator for their benefit. If you're not sure if it will help in the way you want, the best course of action is to try it and see. Have several random sentences generated and you'll soon be able to see if they can help with your project.
Sixty-Four comes asking for bread.
Sixty-Four comes asking for bread.
I am happy to take your donation; any amount will be greatly appreciated.
If you like tuna and tomato sauce- try combining the two. Its really not as bad as it sounds.
Where do random thoughts come from?
Everyone was busy, so I went to the movie alone.
I would have gotten the promotion, but my attendance wasnt good enough.
Italy is my favorite country; in fact, I plan to spend two weeks there next year.
Sometimes it is better to just walk away from things and go back to them later when youre in a better frame of mind.
These are just a few ways that one might use the random sentence generator for their benefit. If you're not sure if it will help in the way you want, the best course of action is to try it and see. Have several random sentences generated and you'll soon be able to see if they can help with your project.
We have a lot of rain in June.
I will never be this young again. Ever. Oh damnK I just got older.
The clock within this blog and the clock on my laptop are 1 hour different from each other.
The clock within this blog and the clock on my laptop are 1 hour different from each other.
Is it free?
We have a lot of rain in June.
A glittering gem is not enough.
Sometimes it is better to just walk away from things and go back to them later when youre in a better frame of mind.
How was the math test?
The sky is clear; the stars are twinkling.
It was getting dark, and we werent there yet.
Italy is my favorite country; in fact, I plan to spend two weeks there next year.
How was the math test?
When I was little I had a car door slammed shut on my hand. I still remember it quite vividly.
Tom got a small piece of pie.
Wednesday is hump day, but has anyone asked the camel if hes happy about it?
If you like tuna and tomato sauce- try combining the two. Its really not as bad as it sounds.
She only paints with bold colors; she does not like pastels.
Hurry!
She did her best to help him.
The river stole the gods.
She borrowed the book from him many years ago and hasn't yet returned it.
He didnt want to go to the dentist, yet he went anyway.
There was no ice cream in the freezer, nor did they have money to go to the store.
She advised him to come back at once.
The river stole the gods.
How was the math test?
A purple pig and a green donkey flew a kite in the middle of the night and ended up sunburnt.
This is the last random sentence I will be writing and I am going to stop mid-sent
The river stole the gods.
Cats are good pets, for they are clean and are not noisy.
For writers, a random sentence can help them get their creative juices flowing. Since the topic of the sentence is completely unknown, it forces the writer to be creative when the sentence appears. There are a number of different ways a writer can use the random sentence for creativity. The most common way to use the sentence is to begin a story. Another option is to include it somewhere in the story. A much more difficult challenge is to use it to end a story. In any of these cases, it forces the writer to think creatively since they have no idea what sentence will appear from the tool.
I was very proud of my nickname throughout high school but today- I couldnt be any different to what my nickname was.
Everyone was busy, so I went to the movie alone.
I want to buy a onesieK but know it wont suit me.
Writing a list of random sentences is harder than I initially thought it would be.
Lets all be unique together until we realise we are all the same.
Malls are great places to shop; I can find everything I need under one roof.
She only paints with bold colors; she does not like pastels.
Last Friday in three weeks time I saw a spotted striped blue worm shake hands with a legless lizard.
Check back tomorrow; I will see if the book has arrived.
There was no ice cream in the freezer, nor did they have money to go to the store.
I'd rather be a bird than a fish.
I often see the time 11:11 or 12:34 on clocks.
We have never been to Asia, nor have we visited Africa.
This is a Japanese doll.
She did her best to help him.
There was no ice cream in the freezer, nor did they have money to go to the store.
Someone I know recently combined Maple Syrup & buttered Popcorn thinking it would taste like caramel popcorn. It didnt and they dont recommend anyone else do it either.
A song can make or ruin a persons day if they let it get to them.
I was very proud of my nickname throughout high school but today- I couldnt be any different to what my nickname was.
She wrote him a long letter, but he didn't read it.
The memory we used to share is no longer coherent.
This is a Japanese doll.
She did her best to help him.
We need to rent a room for our party.
We need to rent a room for our party.
The quick brown fox jumps over the lazy dog.
Is it free?
The memory we used to share is no longer coherent.
I'd rather be a bird than a fish.
The memory we used to share is no longer coherent.
When I was little I had a car door slammed shut on my hand. I still remember it quite vividly.
Wednesday is hump day, but has anyone asked the camel if hes happy about it?
She folded her handkerchief neatly.
Joe made the sugar cookies; Susan decorated them.
Two seats were vacant.
I was very proud of my nickname throughout high school but today- I couldnt be any different to what my nickname was.
I really want to go to work, but I am too sick to drive.
She advised him to come back at once.
He told us a very exciting adventure story.
Someone I know recently combined Maple Syrup & buttered Popcorn thinking it would taste like caramel popcorn. It didnt and they dont recommend anyone else do it either.
I think I will buy the red car, or I will lease the blue one.
A purple pig and a green donkey flew a kite in the middle of the night and ended up sunburnt.
I will never be this young again. Ever. Oh damnK I just got older.
Random sentences can also spur creativity in other types of projects being done. If you are trying to come up with a new concept, a new idea or a new product, a random sentence may help you find unique qualities you may not have considered. Trying to incorporate the sentence into your project can help you look at it in different and unexpected ways than you would normally on your own.
She advised him to come back at once.
I checked to make sure that he was still alive.
A purple pig and a green donkey flew a kite in the middle of the night and ended up sunburnt.
The stranger officiates the meal.
Rock music approaches at high velocity.
The lake is a long way from here.
Should we start class now, or should we wait for everyone to get here?
Italy is my favorite country; in fact, I plan to spend two weeks there next year.
Check back tomorrow; I will see if the book has arrived.
Malls are great places to shop; I can find everything I need under one roof.
It was getting dark, and we werent there yet.
When I was little I had a car door slammed shut on my hand. I still remember it quite vividly.
When I was little I had a car door slammed shut on my hand. I still remember it quite vividly.
She did not cheat on the test, for it was not the right thing to do.
Should we start class now, or should we wait for everyone to get here?
I would have gotten the promotion, but my attendance wasnt good enough.
My Mum tries to be cool by saying that she likes all the same things that I do.
I want to buy a onesieK but know it wont suit me.
I think I will buy the red car, or I will lease the blue one.
Someone I know recently combined Maple Syrup & buttered Popcorn thinking it would taste like caramel popcorn. It didnt and they dont recommend anyone else do it either.
It can also be successfully used as a daily exercise to get writers to begin writing. Being shown a random sentence and using it to complete a paragraph each day can be an excellent way to begin any writing session.
Wednesday is hump day, but has anyone asked the camel if hes happy about it?
She only paints with bold colors; she does not like pastels.
We have never been to Asia, nor have we visited Africa.
Please wait outside of the house.
A song can make or ruin a persons day if they let it get to them.
This is a Japanese doll.
Wednesday is hump day, but has anyone asked the camel if hes happy about it?
The stranger officiates the meal.
He turned in the research paper on Friday; otherwise, he would have not passed the class.
We have a lot of rain in June.
It was getting dark, and we werent there yet.
There was no ice cream in the freezer, nor did they have money to go to the store.
A song can make or ruin a persons day if they let it get to them.
The stranger officiates the meal.
I want more detailed information.
The book is in front of the table.
I checked to make sure that he was still alive.
I will never be this young again. Ever. Oh damnK I just got older.
The memory we used to share is no longer coherent.
My Mum tries to be cool by saying that she likes all the same things that I do.
She works two jobs to make ends meet; at least, that was her reason for not having time to join us.
Sometimes it is better to just walk away from things and go back to them later when youre in a better frame of mind.
Mary plays the piano.
Should we start class now, or should we wait for everyone to get here?
I often see the time 11:11 or 12:34 on clocks.
The shooter says goodbye to his love.
There were white out conditions in the town; subsequently, the roads were impassable.
Writing a list of random sentences is harder than I initially thought it would be.
I love eating toasted cheese and tuna sandwiches.
Where do random thoughts come from?
The quick brown fox jumps over the lazy dog.
My Mum tries to be cool by saying that she likes all the same things that I do.
Don't step on the broken glass.
Rock music approaches at high velocity.
She wrote him a long letter, but he didn't read it.
I want more detailed information.
We have never been to Asia, nor have we visited Africa.
Check back tomorrow; I will see if the book has arrived.
I think I will buy the red car, or I will lease the blue one.
The sky is clear; the stars are twinkling.
The sky is clear; the stars are twinkling.
I checked to make sure that he was still alive.
I'd rather be a bird than a fish.
I want more detailed information.
She did her best to help him.
She works two jobs to make ends meet; at least, that was her reason for not having time to join us.
Cats are good pets, for they are clean and are not noisy.
Italy is my favorite country; in fact, I plan to spend two weeks there next year.
I want to buy a onesieK but know it wont suit me.
She was too short to see over the fence.
A song can make or ruin a persons day if they let it get to them.
Italy is my favorite country; in fact, I plan to spend two weeks there next year.
Sixty-Four comes asking for bread.
A song can make or ruin a persons day if they let it get to them.
He said he was not there yesterday; however, many people saw him there.
How was the math test?
Joe made the sugar cookies; Susan decorated them.
Let me help you with your baggage.
The memory we used to share is no longer coherent.
I want to buy a onesieK but know it wont suit me.
She folded her handkerchief neatly.
She only paints with bold colors; she does not like pastels.
Random sentences can also spur creativity in other types of projects being done. If you are trying to come up with a new concept, a new idea or a new product, a random sentence may help you find unique qualities you may not have considered. Trying to incorporate the sentence into your project can help you look at it in different and unexpected ways than you would normally on your own.
Please wait outside of the house.
The waves were crashing on the shore; it was a lovely sight.
They got there early, and they got really good seats.
He told us a very exciting adventure story.
I am never at home on Sundays.
There was no ice cream in the freezer, nor did they have money to go to the store.
Cats are good pets, for they are clean and are not noisy.
I am happy to take your donation; any amount will be greatly appreciated.
What was the person thinking when they discovered cows milk was fine for human consumptionK and why did they do it in the first place!?
There were white out conditions in the town; subsequently, the roads were impassable.
The body may perhaps compensates for the loss of a true metaphysics.
If you like tuna and tomato sauce- try combining the two. Its really not as bad as it sounds.
The body may perhaps compensates for the loss of a true metaphysics.
I currently have 4 windows open upK and I dont know why.
Rock music approaches at high velocity.
The shooter says goodbye to his love.
Sixty-Four comes asking for bread.
The old apple revels in its authority.
Mary plays the piano.
Wow, does that work?
Italy is my favorite country; in fact, I plan to spend two weeks there next year.
She always speaks to him in a loud voice.
I really want to go to work, but I am too sick to drive.
How was the math test?
Last Friday in three weeks time I saw a spotted striped blue worm shake hands with a legless lizard.
The body may perhaps compensates for the loss of a true metaphysics.
I currently have 4 windows open upK and I dont know why.
A glittering gem is not enough.
If Purple People Eaters are realK where do they find purple people to eat?
Everyone was busy, so I went to the movie alone.
Last Friday in three weeks time I saw a spotted striped blue worm shake hands with a legless lizard.
She did her best to help him.
She was too short to see over the fence.
The memory we used to share is no longer coherent.
I was very proud of my nickname throughout high school but today- I couldnt be any different to what my nickname was.
Malls are great places to shop; I can find everything I need under one roof.
If you like tuna and tomato sauce- try combining the two. Its really not as bad as it sounds.
My Mum tries to be cool by saying that she likes all the same things that I do.
Random sentences can also spur creativity in other types of projects being done. If you are trying to come up with a new concept, a new idea or a new product, a random sentence may help you find unique qualities you may not have considered. Trying to incorporate the sentence into your project can help you look at it in different and unexpected ways than you would normally on your own.
Hurry!
Sixty-Four comes asking for bread.
I hear that Nancy is very pretty.
It was getting dark, and we werent there yet.
The memory we used to share is no longer coherent.
A song can make or ruin a persons day if they let it get to them.
It was getting dark, and we werent there yet.
Please wait outside of the house.
She always speaks to him in a loud voice.
Two seats were vacant.
She was too short to see over the fence.
The mysterious diary records the voice.
Everyone was busy, so I went to the movie alone.
It was getting dark, and we werent there yet.
Random sentences can also spur creativity in other types of projects being done. If you are trying to come up with a new concept, a new idea or a new product, a random sentence may help you find unique qualities you may not have considered. Trying to incorporate the sentence into your project can help you look at it in different and unexpected ways than you would normally on your own.
How was the math test?
For writers, a random sentence can help them get their creative juices flowing. Since the topic of the sentence is completely unknown, it forces the writer to be creative when the sentence appears. There are a number of different ways a writer can use the random sentence for creativity. The most common way to use the sentence is to begin a story. Another option is to include it somewhere in the story. A much more difficult challenge is to use it to end a story. In any of these cases, it forces the writer to think creatively since they have no idea what sentence will appear from the tool.
Check back tomorrow; I will see if the book has arrived.
Last Friday in three weeks time I saw a spotted striped blue worm shake hands with a legless lizard.
The sky is clear; the stars are twinkling.
Malls are great places to shop; I can find everything I need under one roof.
Hurry!
The mysterious diary records the voice.
I was very proud of my nickname throughout high school but today- I couldnt be any different to what my nickname was.
Wow, does that work?
The clock within this blog and the clock on my laptop are 1 hour different from each other.
Malls are great places to shop; I can find everything I need under one roof.
It can also be a fun way to surprise others. You might choose to share a random sentence on social media just to see what type of reaction it garners from others. It's an unexpected move that might create more conversation than a typical post or tweet.
Sometimes, all you need to do is completely make an ass of yourself and laugh it off to realise that life isnt so bad after all.
Tom got a small piece of pie.
The body may perhaps compensates for the loss of a true metaphysics.
Everyone was busy, so I went to the movie alone.
Wednesday is hump day, but has anyone asked the camel if hes happy about it?
The old apple revels in its authority.
Please wait outside of the house.
The shooter says goodbye to his love.
I'd rather be a bird than a fish.
These are just a few ways that one might use the random sentence generator for their benefit. If you're not sure if it will help in the way you want, the best course of action is to try it and see. Have several random sentences generated and you'll soon be able to see if they can help with your project.
She always speaks to him in a loud voice.
Sometimes, all you need to do is completely make an ass of yourself and laugh it off to realise that life isnt so bad after all.
Writing a list of random sentences is harder than I initially thought it would be.
Sometimes it is better to just walk away from things and go back to them later when youre in a better frame of mind.
Random sentences can also spur creativity in other types of projects being done. If you are trying to come up with a new concept, a new idea or a new product, a random sentence may help you find unique qualities you may not have considered. Trying to incorporate the sentence into your project can help you look at it in different and unexpected ways than you would normally on your own.
Should we start class now, or should we wait for everyone to get here?
The mysterious diary records the voice.
The shooter says goodbye to his love.
Joe made the sugar cookies; Susan decorated them.
What was the person thinking when they discovered cows milk was fine for human consumptionK and why did they do it in the first place!?
The sky is clear; the stars are twinkling.
Two seats were vacant.
She borrowed the book from him many years ago and hasn't yet returned it.
I want to buy a onesieK but know it wont suit me.
A song can make or ruin a persons day if they let it get to them.
It can also be a fun way to surprise others. You might choose to share a random sentence on social media just to see what type of reaction it garners from others. It's an unexpected move that might create more conversation than a typical post or tweet.
He ran out of money, so he had to stop playing poker.
The book is in front of the table.
He turned in the research paper on Friday; otherwise, he would have not passed the class.
She always speaks to him in a loud voice.
I'd rather be a bird than a fish.
I want to buy a onesieK but know it wont suit me.
I am counting my calories, yet I really want dessert.
Christmas is coming.
Don't step on the broken glass.
We have never been to Asia, nor have we visited Africa.
Hurry!
He didnt want to go to the dentist, yet he went anyway.
I'd rather be a bird than a fish.
Random sentences can also spur creativity in other types of projects being done. If you are trying to come up with a new concept, a new idea or a new product, a random sentence may help you find unique qualities you may not have considered. Trying to incorporate the sentence into your project can help you look at it in different and unexpected ways than you would normally on your own.
My Mum tries to be cool by saying that she likes all the same things that I do.
Where do random thoughts come from?
I will never be this young again. Ever. Oh damnK I just got older.
I am happy to take your donation; any amount will be greatly appreciated.
The sky is clear; the stars are twinkling.
They got there early, and they got really good seats.
Mary plays the piano.
She only paints with bold colors; she does not like pastels.
I would have gotten the promotion, but my attendance wasnt good enough.
I checked to make sure that he was still alive.
She did not cheat on the test, for it was not the right thing to do.
I want more detailed information.
Italy is my favorite country; in fact, I plan to spend two weeks there next year.
We need to rent a room for our party.
I love eating toasted cheese and tuna sandwiches.
For writers, a random sentence can help them get their creative juices flowing. Since the topic of the sentence is completely unknown, it forces the writer to be creative when the sentence appears. There are a number of different ways a writer can use the random sentence for creativity. The most common way to use the sentence is to begin a story. Another option is to include it somewhere in the story. A much more difficult challenge is to use it to end a story. In any of these cases, it forces the writer to think creatively since they have no idea what sentence will appear from the tool.
She was too short to see over the fence.
The lake is a long way from here.
I love eating toasted cheese and tuna sandwiches.
She did her best to help him.
The river stole the gods.
If you like tuna and tomato sauce- try combining the two. Its really not as bad as it sounds.
She wrote him a long letter, but he didn't read it.
I'd rather be a bird than a fish.
She folded her handkerchief neatly.
I was very proud of my nickname throughout high school but today- I couldnt be any different to what my nickname was.
