  1,  4  2,  3
  3,  1,  2
  5  9, 15 14,  8,  1 13,  2  6, 11  4, 12  3,  7 10
  8  2,  3  1,  7  5,  6  4
 10 12,  7 14,  9  4, 13  6,  5 11,  1  2,  8,  3
  3 11, 10,  7  5,  2  4,  8  1,  6  9
 11  4,  7 10, 18 15,  6 12, 13  9,  2  3, 17 16,  1  5,  8 14
  2  8,  6  3,  9,  4,  7,  1 10, 11 12,  5
  2  5,  1  8,  4  3, 10  9,  7  6
  1,  2
  2  1
  2 12, 19 11, 17 10,  5 18,  4  1, 13 16, 14  7,  8  6, 15  3,  9
  6  9, 11  1, 16 14, 17  2, 15 18, 12  5, 10  4,  8  3, 19  7, 13
 17  5, 14  8, 13  3, 15 12,  9  2, 10  6,  1 16,  4 11,  7
  2  1
  1 12,  8 11,  9 16,  6  7, 10 15, 13  5, 14  4,  2  3
  4  7,  1  2,  8  6,  5  3
 18 13, 10  1,  9  2, 17  3, 16  4,  6 11,  5 12,  8 14,  7 15
  9  5,  2,  6  8,  7  1,  3,  4
  4  2,  3  1
  7  6,  1  3,  2  5,  4,  9  8
 11 12, 13  5,  2,  7 18, 19  4, 15 17, 14 16,  3  8,  1  6, 10,  9
  2  4,  1  3
  3 14,  8  5,  9 12, 10  4,  6 13,  7 11,  1  2
 11  2, 14 15,  7  1, 13 16,  5  4,  6  8, 12 10,  3  9
  7  5, 10  6,  3,  8  2,  4  9,  1
 12  5,  4 11,  2, 10 15, 17 16,  9  1,  8  7, 14 13,  6  3
 11 16,  7 15, 10  4,  5  9, 12  8,  1  2, 13 14,  3  6
 10  7,  6  5,  4  3, 15 12,  8  2,  1 11,  9 13, 14
  1  3,  2  6,  4,  5  8,  7
  5  7,  6 10,  8  3,  9  1,  2,  4
  5  4,  8  1,  2  3,  9  7, 10  6
  7,  9  5,  4  6,  1  2,  8  3
  6  3,  5 16,  8 10, 18  4,  1 19, 12  2, 11,  7 17,  9 15, 13 14
  3  7,  4 10,  8,  2  1,  9  6,  5
 19  7, 15 17, 11  8,  9  1, 13 14,  5 18,  4 10, 12  2,  6, 16  3
 10  4, 13  7, 11  5,  1  6,  8,  9  3, 12  2
  3  8, 15  5,  2 14, 10 11, 16  9,  6 13,  1 12,  4  7
  9  6,  7 13,  4,  2 14, 11  5,  1  3,  8 15, 10 12
  4,  1  3,  2  5,  6
  3,  2  1,  4
  5  8, 13  7,  9  6, 12 14,  1 11,  4 10,  2  3
  5  2,  9 11, 10  6,  3  1,  4  7,  8
  6  1,  5  4,  3  2
  2  3,  9 12, 11 10,  4  5,  7  8,  6  1
 12  4, 15  2, 14  9,  8 10,  3 11,  6,  1  7,  5 13
  7  2, 12 11, 17  3, 15, 14  4,  6  8, 10  1,  9 13,  5 16
  2  7,  1  6,  3  5,  4
  1  7,  6  3,  2  4,  5
 10  6,  5 11,  8  9,  7  2,  4  3,  1
  1  2,  6  4,  3  5,  7
  4  6,  1,  2  9,  3  5,  7  8
  1  2,  7  5, 11,  9 10,  6  8,  3  4
  4  8,  3  6,  7  2,  9,  1,  5
  1  3,  2  4
  1  5,  2  3,  9  4, 10 11, 12,  6  7,  8
  2 11,  4  5,  1  3,  7, 10,  8  6,  9
  7  3,  5  9,  2  6, 12 13, 10 16,  4 14, 15  8,  1 11
  3  4,  5  6,  7,  2  1
  6 12, 10  7, 13 17, 11 16,  1  5,  8 15,  4 14,  3  9,  2, 18
  4  6,  1  8,  7 14,  5 13, 12 10,  3  9,  2 15, 16 11
 10,  5  8,  2  4,  7 12, 11  1, 16  9,  3, 13, 15, 14,  6
  3  2,  1,  5,  4
  2  1
  4  7,  6  8,  5  3,  2  1
  1  5,  6 13, 14, 15  7,  4  3,  8 12, 11 10,  2,  9
  2  7, 11  3,  1  6,  5  8, 10 12,  9  4
 13,  2  6, 12, 10  5, 11 14,  4  8,  7  9,  1,  3
  3  6, 11  2,  4  5,  9  1,  7  8, 10 12
  2  6,  1  4, 15  5, 11  8, 14, 17 13, 16  3,  9 12,  7 10
  1,  2
  1
  2  4,  9,  7  6,  8  5,  1  3
 16  2, 13  4,  8  6,  3  9,  1 17, 14  5, 10,  7 11, 12 15, 18
  7 13, 10  6,  2, 14  8,  3 12,  9 16,  4 11,  5, 15,  1
 15 16, 11 14,  1  2, 13 10,  4  9, 12  7,  3  6, 17  5,  8
 11  1, 12  8,  9  2, 16 13, 14  7, 15  5,  6,  3,  4 17, 10 18
  1
  4  1, 10  2,  5  3,  9  6,  8  7, 12 11
  3  5,  1  2,  4
  8, 14 10, 11  2,  9  6, 18 12,  1 15, 16 17, 13  3,  4  5, 19,  7
  2,  3,  4  5,  1
  7 15, 17 18, 14  1, 16  4,  2 12,  3  5,  6  9,  8 13, 10, 11
  2  1,  4  3
  1
  7  8,  9  2,  4  5,  6  1,  3
  8, 11  2,  9 15, 13  4,  3  7, 14  5, 10 12,  1,  6
  2,  5 13,  1 10,  7  8, 11,  4 14,  3  6, 12,  9
  1,  2
  2  5,  4  3,  7  6,  1
  1,  2
  4  5,  3  2,  1
  1  3,  2  4
  1  2,  3  4
  1
  2  4,  7  3,  6  5,  1
  2  9, 17  3,  4  7, 16, 10 13,  6 19,  1  5,  8 14, 15 18, 11 12
  9  2,  7,  1,  8  3,  4, 11,  6,  5, 10
  3  5,  4  8,  1,  2  7,  6
  2,  1,  3
  1  6,  7  5,  8  2,  3  4
  8 11,  1  5,  2  4,  9  6,  7 10,  3
  7,  2  3,  4  8,  1,  5,  6
  3  2,  5  7,  9 11,  8  1, 14 10,  6 13,  4, 15 12
  5,  2  4,  1  3
  2  1,  8  7,  4  3,  6  5
  1  3,  5  6,  7  2,  4
 10 16,  7  6,  9 12,  8  5, 13  4, 15  1,  3 14,  2 11
  4  6,  1  5,  3,  2
  1  3,  2  4
  2,  8  5,  1  3,  6  7,  4  9
  5 10, 12  1,  4 11,  8  7,  6  3,  9 13,  2
  2  1
  2,  5  6, 11 12,  9 10,  3  4, 13  1,  7  8
  5  4,  2  3,  6  1
  2  1
 13 10, 12 15,  8  9, 17  6,  3  7,  4  1,  2 14, 16,  5 11
  3  4,  7  9,  5  2,  1  6,  8
  6, 17 11,  9  7,  2,  1 12,  8 14,  5 16,  4 15,  3, 18, 13, 10
  3  1,  2
  4  5,  2,  3,  1
  6  4,  2  3,  7  1,  5
  2  4,  5  3, 11  7,  8 12, 10, 13 14,  6  9,  1
  9 10, 13  2, 15 16,  4 17,  7 14,  8  1,  3 11, 12  6,  5
  6  2,  8  4, 10,  1, 11  7,  5  3,  9
  4,  6  8,  7  2,  1,  5,  3
  2,  1
  1  2,  3  4
  9  1,  3,  6  7,  4  5,  8  2
