119 0 0
1119 2 5
20 0 1
3 0 0
2 0 0
1 0 0
1048576 0 1
1048576 0 11
1073741824 30 20
805306200 30 22
805306250 30 22
805306300 30 22
806879231 9 1
808452095 8 0
808452096 8 0
1610611972 31 22
1610612000 31 22
1610612100 31 22
1610612224 31 22
570425344 4 5
167772160 2 5
9437184 3 10
1050575 7 17
2101151 7 16
2103215 7 16
14750207 5 11
1879047311 31 24
1879047329 31 24
301989888 29 24
303169535 8 3
1091048000 31 28
1087281760 31 28
1325979553 31 29
702781951 30 26
6347219 4 2
470823689 29 26
226543465 28 25
12611244 2 2
210727562 28 26
155116021 28 23
207498935 2 4
9677733 1 8
751110115 30 20
973808 3 13
1099136464 31 22
3265647 1 9
684393065 30 23
983009923 30 24
1445771 0 6
248569326 28 25
