617541
805885
609535
739449
132753
512837
534711
605735
531579
697869
979387
282365
37835
898849
943883
977919
332619
324357
835757
759801
396601
208449
357395
814825
820253
195095
700305
480335
872731
682823
28521
460465
381815
514451
749789
460551
470685
701567
469609
857027
712519
98583
981365
298825
267741
749527
553589
738093
602923
309837
465453
188107
704379
445445
116921
282933
488981
28941
304869
51317
489831
544461
715655
135835
439107
440589
468879
586175
702739
805419
144177
494865
638187
821883
306659
854637
68003
921411
956603
19257
324327
515897
302231
989851
121189
170773
435189
736949
61109
158161
395531
713325
636031
235881
556545
74219
509419
856575
55657
243935
915999
631247
63325
188013
654595
505629
347167
862859
208461
490171
994737
550361
939983
89543
743913
399099
77461
943067
821411
815439
853133
498415
289439
48367
981115
607979
897135
233605
677527
505171
255827
442771
185013
340419
123373
153335
692649
871083
246183
870057
34275
416455
155237
133009
814717
737465
938881
839
387049
946481
952609
43293
630509
591377
989495
841785
773765
572153
133463
590223
544421
556813
809715
856491
421787
155789
190315
535713
546853
633147
404557
482573
213345
240019
809181
996333
847463
342945
804865
827239
622235
476263
542799
728067
916129
456667
539619
71459
184459
720681
746011
596055
782727
879473
379021
122431
771485
38289
868239
961729
301313
894699
83537
616079
872749
761421
83353
997709
618097
53651
201239
253309
195135
2655
775379
854423
389673
814575
91317
705797
45353
159587
450973
631569
363477
844631
904013
560581
933899
351223
607003
712023
26785
66211
905507
457443
400865
29761
154149
857769
425673
654241
510967
340809
23989
759955
208575
198921
63295
977797
187319
646829
263997
694235
754115
756589
335385
815737
941183
744105
441375
9399
312451
771555
738739
628671
747229
606487
826289
36375
297725
403659
741373
900477
274849
961299
792427
762757
499357
681595
980243
210097
854277
804165
128761
955879
427061
384773
770997
415853
599959
886171
398481
702237
687247
517623
785911
886253
960071
931731
699091
569147
417443
654409
319549
609475
305101
458823
566427
260721
804989
424371
6595
250775
589383
331419
222181
814007
117009
553661
254677
306303
925241
488937
71069
692005
275897
648137
553863
138065
238861
123661
716443
65379
466257
165097
199073
422485
761553
711481
778045
115265
453791
905851
41053
745871
942419
451689
461005
424059
864547
537901
579073
773207
114391
308971
242131
984951
104461
521043
387409
197115
12641
910261
124307
1909
257045
725617
405285
534795
21311
497093
97361
144655
85057
954665
796301
4069
164935
563007
838885
231117
535829
655593
723521
638917
89959
20727
633885
401551
788433
287627
435279
761101
777727
929879
441449
160931
216667
825055
585149
143677
418313
95397
152427
36669
748049
73375
220383
797043
753887
135279
697423
143113
266791
819983
725605
256927
670955
453009
219403
266117
57271
874159
893913
349443
242581
662445
778997
795457
481197
106545
696325
781883
950521
988227
652027
959937
770467
79127
784569
836597
437431
425841
609087
179681
681845
909637
314773
967639
37525
264175
293001
59165
564955
941523
450765
727751
774211
952039
935077
515229
454125
250953
933921
239453
110869
830397
301407
834377
404123
750217
146967
878557
5801
128433
9085
113183
470545
85789
543871
106147
888649
112145
623535
514687
408809
508765
979465
266335
466261
61735
729393
680099
286031
906407
776863
766167
963985
9405
728767
409745
288801
356053
72227
512589
374013
87347
974621
232691
609761
903259
423161
434941
659117
507727
857331
627255
852301
980427
330993
247685
997547
347809
852889
572143
219789
933279
835271
268799
515829
762603
950259
692021
638955
762393
763275
868237
748291
914737
632221
763877
149247
245011
267123
543349
503837
898379
467993
504109
937073
589151
645269
654327
451521
994997
90873
263251
495203
505421
113955
504679
289039
496585
343581
558789
709043
750201
392113
837947
766079
927817
757461
747567
470835
964801
381147
55367
432735
485133
161313
239469
396559
620783
336843
386303
757629
909853
990907
558199
134519
206821
551819
907433
973877
779083
608451
758401
347291
938401
270407
612551
38235
554871
987513
467467
305911
590829
176763
431827
277029
844465
11735
110349
18407
151145
139983
475011
885457
228049
410905
944483
783623
709229
368383
28049
121817
348527
766043
905585
20485
384685
420877
827863
241
134491
487733
894065
266681
608845
940443
343989
343047
54661
851239
511759
338281
521321
354931
200729
396483
672139
866131
456647
411707
381249
109595
428723
313989
80365
253455
591395
464369
103365
349283
543947
482561
136689
92415
588575
291919
21461
816907
203511
141457
873469
232035
986241
851897
167103
913979
894625
727283
641539
948555
439975
819655
220541
750679
79357
659855
426667
912105
533733
730501
446621
553565
40041
112449
304591
127573
762821
841783
803515
783635
430945
641465
646457
499873
635737
40223
601465
454585
248871
474797
36331
840209
109657
243773
587639
520693
957363
198185
547631
516635
519823
861597
970269
183797
714457
736647
813479
99983
196209
915551
929411
88181
478489
579707
13839
188557
447129
925417
116527
184585
96945
697877
410697
431615
337789
82815
785141
471675
998839
461527
23803
339709
636785
545755
812629
660213
305181
391493
950635
743223
355135
28429
528055
14437
97119
109179
578123
830513
532455
363445
892981
709709
272803
931747
820271
249751
305363
795987
495237
987519
549669
859017
122219
300243
242187
776759
601387
279737
427363
233917
792767
331599
202605
139659
548729
400175
380519
740883
179895
793197
382613
542705
761025
86661
374855
4677
762273
905679
815835
350709
229461
352111
531615
366235
588941
328919
465311
816037
217477
554771
297323
155501
562391
542157
779927
517013
835261
122893
228205
745413
447831
487611
754967
621231
630233
183161
568759
870363
196781
561669
707363
488759
705207
426635
742139
304341
934663
93515
15303
70211
347251
768459
257005
634305
51727
2307
262959
748839
4245
762189
965667
447939
216261
963951
597503
351043
334841
317317
980799
790277
156673
94419
940457
205017
531989
502991
325669
14563
799607
392465
870091
770743
867601
971127
284757
966597
848851
639771
216465
612871
401293
950285
903731
31505
550689
333937
232141
977551
311075
21349
570351
313557
623859
140783
883879
877609
163955
967653
570321
546715
987039
406697
845581
538175
69079
735099
218083
737701
184527
478207
834293
780271
462523
233099
801733
149601
716695
791059
600301
80175
357041
563635
873709
990385
485073
427807
920069
205619
935861
188377
543975
673439
539601
821681
763393
359261
746563
815919
767611
216849
408693
847147
146131
545527
980577
847131
402997
919671
314173
905573
166661
377353
457649
401647
774229
932565
163721
644145
749039
515681
749279
432903
724109
902021
268855
819255
721969
893599
227595
420879
677575
877365
20831
906507
33261
40223
136783
892791
46735
408745
111615
481579
549997
377719
426545
648345
